{"D:\\Usuario\\Documents\\aplicativos\\ControleFinanceiro\\src\\assets\\icons\\logo.png": {"path":"D:\\Usuario\\Documents\\aplicativos\\ControleFinanceiro\\src\\assets\\icons\\logo.png","statementMap":{"0":{"start":{"line":1,"column":0},"end":{"line":4,"column":6}}},"fnMap":{},"branchMap":{},"s":{"0":1},"f":{},"b":{},"_coverageSchema":"1a1c01bbd47fc00a2c39e90264f33305004495a9","hash":"367a0a0e64bc6e09ac79349ce0a8324ddc367016"}
,"D:\\Usuario\\Documents\\aplicativos\\ControleFinanceiro\\src\\components\\ui\\Button.js": {"path":"D:\\Usuario\\Documents\\aplicativos\\ControleFinanceiro\\src\\components\\ui\\Button.js","statementMap":{"0":{"start":{"line":10,"column":15},"end":{"line":145,"column":1}},"1":{"start":{"line":23,"column":21},"end":{"line":23,"column":31}},"2":{"start":{"line":24,"column":17},"end":{"line":24,"column":62}},"3":{"start":{"line":24,"column":31},"end":{"line":24,"column":51}},"4":{"start":{"line":26,"column":26},"end":{"line":73,"column":3}},"5":{"start":{"line":27,"column":4},"end":{"line":32,"column":5}},"6":{"start":{"line":28,"column":6},"end":{"line":31,"column":8}},"7":{"start":{"line":34,"column":4},"end":{"line":72,"column":5}},"8":{"start":{"line":36,"column":8},"end":{"line":39,"column":10}},"9":{"start":{"line":41,"column":8},"end":{"line":44,"column":10}},"10":{"start":{"line":46,"column":8},"end":{"line":49,"column":10}},"11":{"start":{"line":51,"column":8},"end":{"line":54,"column":10}},"12":{"start":{"line":56,"column":8},"end":{"line":59,"column":10}},"13":{"start":{"line":61,"column":8},"end":{"line":66,"column":10}},"14":{"start":{"line":68,"column":8},"end":{"line":71,"column":10}},"15":{"start":{"line":76,"column":24},"end":{"line":98,"column":3}},"16":{"start":{"line":77,"column":4},"end":{"line":97,"column":5}},"17":{"start":{"line":79,"column":8},"end":{"line":83,"column":10}},"18":{"start":{"line":85,"column":8},"end":{"line":89,"column":10}},"19":{"start":{"line":92,"column":8},"end":{"line":96,"column":10}},"20":{"start":{"line":100,"column":23},"end":{"line":100,"column":40}},"21":{"start":{"line":101,"column":21},"end":{"line":101,"column":36}},"22":{"start":{"line":103,"column":2},"end":{"line":144,"column":4}},"23":{"start":{"line":147,"column":21},"end":{"line":167,"column":4}},"24":{"start":{"line":148,"column":2},"end":{"line":167,"column":4}}},"fnMap":{"0":{"name":"(anonymous_0)","decl":{"start":{"line":10,"column":15},"end":{"line":10,"column":16}},"loc":{"start":{"line":22,"column":6},"end":{"line":145,"column":1}},"line":22},"1":{"name":"(anonymous_1)","decl":{"start":{"line":24,"column":25},"end":{"line":24,"column":26}},"loc":{"start":{"line":24,"column":31},"end":{"line":24,"column":51}},"line":24},"2":{"name":"(anonymous_2)","decl":{"start":{"line":26,"column":26},"end":{"line":26,"column":27}},"loc":{"start":{"line":26,"column":32},"end":{"line":73,"column":3}},"line":26},"3":{"name":"(anonymous_3)","decl":{"start":{"line":76,"column":24},"end":{"line":76,"column":25}},"loc":{"start":{"line":76,"column":30},"end":{"line":98,"column":3}},"line":76},"4":{"name":"(anonymous_4)","decl":{"start":{"line":147,"column":21},"end":{"line":147,"column":22}},"loc":{"start":{"line":148,"column":2},"end":{"line":167,"column":4}},"line":148}},"branchMap":{"0":{"loc":{"start":{"line":13,"column":2},"end":{"line":13,"column":21}},"type":"default-arg","locations":[{"start":{"line":13,"column":12},"end":{"line":13,"column":21}}],"line":13},"1":{"loc":{"start":{"line":14,"column":2},"end":{"line":14,"column":17}},"type":"default-arg","locations":[{"start":{"line":14,"column":9},"end":{"line":14,"column":17}}],"line":14},"2":{"loc":{"start":{"line":15,"column":2},"end":{"line":15,"column":18}},"type":"default-arg","locations":[{"start":{"line":15,"column":13},"end":{"line":15,"column":18}}],"line":15},"3":{"loc":{"start":{"line":16,"column":2},"end":{"line":16,"column":17}},"type":"default-arg","locations":[{"start":{"line":16,"column":12},"end":{"line":16,"column":17}}],"line":16},"4":{"loc":{"start":{"line":18,"column":2},"end":{"line":18,"column":19}},"type":"default-arg","locations":[{"start":{"line":18,"column":14},"end":{"line":18,"column":19}}],"line":18},"5":{"loc":{"start":{"line":27,"column":4},"end":{"line":32,"column":5}},"type":"if","locations":[{"start":{"line":27,"column":4},"end":{"line":32,"column":5}},{"start":{},"end":{}}],"line":27},"6":{"loc":{"start":{"line":34,"column":4},"end":{"line":72,"column":5}},"type":"switch","locations":[{"start":{"line":35,"column":6},"end":{"line":39,"column":10}},{"start":{"line":40,"column":6},"end":{"line":44,"column":10}},{"start":{"line":45,"column":6},"end":{"line":49,"column":10}},{"start":{"line":50,"column":6},"end":{"line":54,"column":10}},{"start":{"line":55,"column":6},"end":{"line":59,"column":10}},{"start":{"line":60,"column":6},"end":{"line":66,"column":10}},{"start":{"line":67,"column":6},"end":{"line":71,"column":10}}],"line":34},"7":{"loc":{"start":{"line":77,"column":4},"end":{"line":97,"column":5}},"type":"switch","locations":[{"start":{"line":78,"column":6},"end":{"line":83,"column":10}},{"start":{"line":84,"column":6},"end":{"line":89,"column":10}},{"start":{"line":90,"column":6},"end":{"line":90,"column":20}},{"start":{"line":91,"column":6},"end":{"line":96,"column":10}}],"line":77},"8":{"loc":{"start":{"line":107,"column":16},"end":{"line":107,"column":35}},"type":"binary-expr","locations":[{"start":{"line":107,"column":16},"end":{"line":107,"column":24}},{"start":{"line":107,"column":28},"end":{"line":107,"column":35}}],"line":107},"9":{"loc":{"start":{"line":115,"column":23},"end":{"line":115,"column":52}},"type":"binary-expr","locations":[{"start":{"line":115,"column":23},"end":{"line":115,"column":47}},{"start":{"line":115,"column":51},"end":{"line":115,"column":52}}],"line":115},"10":{"loc":{"start":{"line":118,"column":8},"end":{"line":118,"column":38}},"type":"binary-expr","locations":[{"start":{"line":118,"column":8},"end":{"line":118,"column":17}},{"start":{"line":118,"column":21},"end":{"line":118,"column":38}}],"line":118},"11":{"loc":{"start":{"line":119,"column":8},"end":{"line":119,"column":35}},"type":"binary-expr","locations":[{"start":{"line":119,"column":8},"end":{"line":119,"column":16}},{"start":{"line":119,"column":20},"end":{"line":119,"column":35}}],"line":119},"12":{"loc":{"start":{"line":123,"column":7},"end":{"line":142,"column":7}},"type":"cond-expr","locations":[{"start":{"line":124,"column":8},"end":{"line":124,"column":60}},{"start":{"line":126,"column":8},"end":{"line":141,"column":11}}],"line":123},"13":{"loc":{"start":{"line":127,"column":11},"end":{"line":127,"column":58}},"type":"binary-expr","locations":[{"start":{"line":127,"column":11},"end":{"line":127,"column":15}},{"start":{"line":127,"column":19},"end":{"line":127,"column":58}}],"line":127}},"s":{"0":2,"1":31,"2":31,"3":17,"4":31,"5":31,"6":2,"7":29,"8":27,"9":0,"10":1,"11":0,"12":0,"13":1,"14":0,"15":31,"16":31,"17":1,"18":1,"19":29,"20":31,"21":31,"22":31,"23":2,"24":17},"f":{"0":31,"1":17,"2":31,"3":31,"4":17},"b":{"0":[29],"1":[29],"2":[25],"3":[11],"4":[30],"5":[2,29],"6":[27,0,1,0,0,1,0],"7":[1,1,29,29],"8":[31,29],"9":[31,30],"10":[31,1],"11":[31,2],"12":[2,29],"13":[29,1]},"_coverageSchema":"1a1c01bbd47fc00a2c39e90264f33305004495a9","hash":"124f3255d3cc6cfd40cfe1968af8219d53eaa51a"}
,"D:\\Usuario\\Documents\\aplicativos\\ControleFinanceiro\\src\\components\\ui\\Input.js": {"path":"D:\\Usuario\\Documents\\aplicativos\\ControleFinanceiro\\src\\components\\ui\\Input.js","statementMap":{"0":{"start":{"line":18,"column":14},"end":{"line":111,"column":1}},"1":{"start":{"line":34,"column":21},"end":{"line":34,"column":31}},"2":{"start":{"line":35,"column":17},"end":{"line":35,"column":62}},"3":{"start":{"line":35,"column":31},"end":{"line":35,"column":51}},"4":{"start":{"line":37,"column":19},"end":{"line":37,"column":62}},"5":{"start":{"line":37,"column":47},"end":{"line":37,"column":61}},"6":{"start":{"line":39,"column":52},"end":{"line":39,"column":67}},"7":{"start":{"line":40,"column":42},"end":{"line":40,"column":54}},"8":{"start":{"line":42,"column":21},"end":{"line":42,"column":36}},"9":{"start":{"line":43,"column":17},"end":{"line":43,"column":32}},"10":{"start":{"line":47,"column":2},"end":{"line":51,"column":32}},"11":{"start":{"line":48,"column":4},"end":{"line":50,"column":5}},"12":{"start":{"line":49,"column":6},"end":{"line":49,"column":55}},"13":{"start":{"line":53,"column":23},"end":{"line":65,"column":3}},"14":{"start":{"line":54,"column":4},"end":{"line":62,"column":5}},"15":{"start":{"line":55,"column":24},"end":{"line":55,"column":55}},"16":{"start":{"line":56,"column":6},"end":{"line":56,"column":33}},"17":{"start":{"line":58,"column":18},"end":{"line":58,"column":57}},"18":{"start":{"line":60,"column":6},"end":{"line":60,"column":26}},"19":{"start":{"line":61,"column":6},"end":{"line":61,"column":13}},"20":{"start":{"line":64,"column":4},"end":{"line":64,"column":25}},"21":{"start":{"line":67,"column":2},"end":{"line":110,"column":4}},"22":{"start":{"line":96,"column":27},"end":{"line":96,"column":64}},"23":{"start":{"line":96,"column":58},"end":{"line":96,"column":63}},"24":{"start":{"line":113,"column":21},"end":{"line":145,"column":4}},"25":{"start":{"line":114,"column":2},"end":{"line":145,"column":4}}},"fnMap":{"0":{"name":"(anonymous_0)","decl":{"start":{"line":18,"column":14},"end":{"line":18,"column":15}},"loc":{"start":{"line":33,"column":6},"end":{"line":111,"column":1}},"line":33},"1":{"name":"(anonymous_1)","decl":{"start":{"line":35,"column":25},"end":{"line":35,"column":26}},"loc":{"start":{"line":35,"column":31},"end":{"line":35,"column":51}},"line":35},"2":{"name":"(anonymous_2)","decl":{"start":{"line":37,"column":36},"end":{"line":37,"column":37}},"loc":{"start":{"line":37,"column":47},"end":{"line":37,"column":61}},"line":37},"3":{"name":"(anonymous_3)","decl":{"start":{"line":47,"column":12},"end":{"line":47,"column":13}},"loc":{"start":{"line":47,"column":18},"end":{"line":51,"column":3}},"line":47},"4":{"name":"(anonymous_4)","decl":{"start":{"line":53,"column":23},"end":{"line":53,"column":24}},"loc":{"start":{"line":53,"column":33},"end":{"line":65,"column":3}},"line":53},"5":{"name":"(anonymous_5)","decl":{"start":{"line":96,"column":21},"end":{"line":96,"column":22}},"loc":{"start":{"line":96,"column":27},"end":{"line":96,"column":64}},"line":96},"6":{"name":"(anonymous_6)","decl":{"start":{"line":96,"column":48},"end":{"line":96,"column":49}},"loc":{"start":{"line":96,"column":58},"end":{"line":96,"column":63}},"line":96},"7":{"name":"(anonymous_7)","decl":{"start":{"line":113,"column":21},"end":{"line":113,"column":22}},"loc":{"start":{"line":114,"column":2},"end":{"line":145,"column":4}},"line":114}},"branchMap":{"0":{"loc":{"start":{"line":29,"column":2},"end":{"line":29,"column":15}},"type":"default-arg","locations":[{"start":{"line":29,"column":9},"end":{"line":29,"column":15}}],"line":29},"1":{"loc":{"start":{"line":48,"column":4},"end":{"line":50,"column":5}},"type":"if","locations":[{"start":{"line":48,"column":4},"end":{"line":50,"column":5}},{"start":{},"end":{}}],"line":48},"2":{"loc":{"start":{"line":54,"column":4},"end":{"line":62,"column":5}},"type":"if","locations":[{"start":{"line":54,"column":4},"end":{"line":62,"column":5}},{"start":{},"end":{}}],"line":54},"3":{"loc":{"start":{"line":69,"column":7},"end":{"line":69,"column":57}},"type":"binary-expr","locations":[{"start":{"line":69,"column":7},"end":{"line":69,"column":12}},{"start":{"line":69,"column":16},"end":{"line":69,"column":57}}],"line":69},"4":{"loc":{"start":{"line":76,"column":25},"end":{"line":76,"column":66}},"type":"cond-expr","locations":[{"start":{"line":76,"column":33},"end":{"line":76,"column":45}},{"start":{"line":76,"column":48},"end":{"line":76,"column":66}}],"line":76},"5":{"loc":{"start":{"line":80,"column":9},"end":{"line":80,"column":73}},"type":"binary-expr","locations":[{"start":{"line":80,"column":9},"end":{"line":80,"column":17}},{"start":{"line":80,"column":21},"end":{"line":80,"column":73}}],"line":80},"6":{"loc":{"start":{"line":84,"column":17},"end":{"line":84,"column":46}},"type":"cond-expr","locations":[{"start":{"line":84,"column":26},"end":{"line":84,"column":38}},{"start":{"line":84,"column":41},"end":{"line":84,"column":46}}],"line":84},"7":{"loc":{"start":{"line":88,"column":27},"end":{"line":88,"column":59}},"type":"binary-expr","locations":[{"start":{"line":88,"column":27},"end":{"line":88,"column":37}},{"start":{"line":88,"column":41},"end":{"line":88,"column":59}}],"line":88},"8":{"loc":{"start":{"line":89,"column":24},"end":{"line":89,"column":57}},"type":"cond-expr","locations":[{"start":{"line":89,"column":33},"end":{"line":89,"column":42}},{"start":{"line":89,"column":45},"end":{"line":89,"column":57}}],"line":89},"9":{"loc":{"start":{"line":93,"column":9},"end":{"line":105,"column":9}},"type":"binary-expr","locations":[{"start":{"line":93,"column":9},"end":{"line":93,"column":19}},{"start":{"line":94,"column":10},"end":{"line":104,"column":29}}],"line":93},"10":{"loc":{"start":{"line":100,"column":20},"end":{"line":100,"column":57}},"type":"cond-expr","locations":[{"start":{"line":100,"column":40},"end":{"line":100,"column":49}},{"start":{"line":100,"column":52},"end":{"line":100,"column":57}}],"line":100},"11":{"loc":{"start":{"line":108,"column":7},"end":{"line":108,"column":57}},"type":"binary-expr","locations":[{"start":{"line":108,"column":7},"end":{"line":108,"column":12}},{"start":{"line":108,"column":16},"end":{"line":108,"column":57}}],"line":108},"12":{"loc":{"start":{"line":138,"column":13},"end":{"line":138,"column":44}},"type":"binary-expr","locations":[{"start":{"line":138,"column":13},"end":{"line":138,"column":29}},{"start":{"line":138,"column":33},"end":{"line":138,"column":44}}],"line":138}},"s":{"0":2,"1":73,"2":73,"3":23,"4":73,"5":201,"6":73,"7":73,"8":73,"9":73,"10":73,"11":30,"12":1,"13":73,"14":12,"15":1,"16":1,"17":1,"18":1,"19":1,"20":11,"21":73,"22":1,"23":1,"24":2,"25":23},"f":{"0":73,"1":23,"2":201,"3":30,"4":12,"5":1,"6":1,"7":23},"b":{"0":[70],"1":[1,29],"2":[1,11],"3":[73,65],"4":[3,70],"5":[73,64],"6":[3,70],"7":[73,35],"8":[3,70],"9":[73,35],"10":[1,34],"11":[73,3],"12":[23,23]},"_coverageSchema":"1a1c01bbd47fc00a2c39e90264f33305004495a9","hash":"a413cddb0f40788123730fbcd19f871609634317"}
,"D:\\Usuario\\Documents\\aplicativos\\ControleFinanceiro\\src\\components\\ui\\index.js": {"path":"D:\\Usuario\\Documents\\aplicativos\\ControleFinanceiro\\src\\components\\ui\\index.js","statementMap":{},"fnMap":{},"branchMap":{},"s":{},"f":{},"b":{},"_coverageSchema":"1a1c01bbd47fc00a2c39e90264f33305004495a9","hash":"f0ccb2175d67160deb433137f79cd6f02c35ef98"}
,"D:\\Usuario\\Documents\\aplicativos\\ControleFinanceiro\\src\\context\\ThemeContext.js": {"path":"D:\\Usuario\\Documents\\aplicativos\\ControleFinanceiro\\src\\context\\ThemeContext.js","statementMap":{"0":{"start":{"line":15,"column":21},"end":{"line":15,"column":40}},"1":{"start":{"line":21,"column":29},"end":{"line":364,"column":1}},"2":{"start":{"line":22,"column":19},"end":{"line":22,"column":62}},"3":{"start":{"line":22,"column":47},"end":{"line":22,"column":61}},"4":{"start":{"line":24,"column":28},"end":{"line":24,"column":44}},"5":{"start":{"line":33,"column":17},"end":{"line":33,"column":57}},"6":{"start":{"line":40,"column":16},"end":{"line":359,"column":3}},"7":{"start":{"line":41,"column":11},"end":{"line":357,"column":5}},"8":{"start":{"line":361,"column":2},"end":{"line":363,"column":4}},"9":{"start":{"line":370,"column":24},"end":{"line":378,"column":1}},"10":{"start":{"line":371,"column":18},"end":{"line":371,"column":42}},"11":{"start":{"line":373,"column":2},"end":{"line":375,"column":3}},"12":{"start":{"line":374,"column":4},"end":{"line":374,"column":71}},"13":{"start":{"line":377,"column":2},"end":{"line":377,"column":17}}},"fnMap":{"0":{"name":"(anonymous_0)","decl":{"start":{"line":21,"column":29},"end":{"line":21,"column":30}},"loc":{"start":{"line":21,"column":47},"end":{"line":364,"column":1}},"line":21},"1":{"name":"(anonymous_1)","decl":{"start":{"line":22,"column":36},"end":{"line":22,"column":37}},"loc":{"start":{"line":22,"column":47},"end":{"line":22,"column":61}},"line":22},"2":{"name":"(anonymous_2)","decl":{"start":{"line":41,"column":4},"end":{"line":41,"column":5}},"loc":{"start":{"line":41,"column":11},"end":{"line":357,"column":5}},"line":41},"3":{"name":"(anonymous_3)","decl":{"start":{"line":370,"column":24},"end":{"line":370,"column":25}},"loc":{"start":{"line":370,"column":30},"end":{"line":378,"column":1}},"line":370}},"branchMap":{"0":{"loc":{"start":{"line":33,"column":17},"end":{"line":33,"column":57}},"type":"binary-expr","locations":[{"start":{"line":33,"column":17},"end":{"line":33,"column":25}},{"start":{"line":33,"column":29},"end":{"line":33,"column":57}}],"line":33},"1":{"loc":{"start":{"line":44,"column":14},"end":{"line":356,"column":11}},"type":"cond-expr","locations":[{"start":{"line":45,"column":10},"end":{"line":200,"column":11}},{"start":{"line":201,"column":10},"end":{"line":356,"column":11}}],"line":44},"2":{"loc":{"start":{"line":373,"column":2},"end":{"line":375,"column":3}},"type":"if","locations":[{"start":{"line":373,"column":2},"end":{"line":375,"column":3}},{"start":{},"end":{}}],"line":373}},"s":{"0":1,"1":1,"2":4,"3":12,"4":4,"5":4,"6":4,"7":4,"8":4,"9":1,"10":101,"11":101,"12":0,"13":101},"f":{"0":4,"1":12,"2":4,"3":101},"b":{"0":[4,0],"1":[4,0],"2":[0,101]},"_coverageSchema":"1a1c01bbd47fc00a2c39e90264f33305004495a9","hash":"70be00896f497216c0ac989e8160030e682f54f3"}
,"D:\\Usuario\\Documents\\aplicativos\\ControleFinanceiro\\src\\i18n\\index.js": {"path":"D:\\Usuario\\Documents\\aplicativos\\ControleFinanceiro\\src\\i18n\\index.js","statementMap":{"0":{"start":{"line":4,"column":17},"end":{"line":24,"column":1}},"1":{"start":{"line":5,"column":19},"end":{"line":5,"column":66}},"2":{"start":{"line":7,"column":15},"end":{"line":7,"column":30}},"3":{"start":{"line":8,"column":15},"end":{"line":8,"column":37}},"4":{"start":{"line":10,"column":2},"end":{"line":13,"column":3}},"5":{"start":{"line":11,"column":4},"end":{"line":11,"column":27}},"6":{"start":{"line":12,"column":4},"end":{"line":12,"column":23}},"7":{"start":{"line":12,"column":17},"end":{"line":12,"column":23}},"8":{"start":{"line":15,"column":2},"end":{"line":17,"column":3}},"9":{"start":{"line":16,"column":4},"end":{"line":16,"column":26}},"10":{"start":{"line":20,"column":2},"end":{"line":23,"column":5}},"11":{"start":{"line":21,"column":18},"end":{"line":21,"column":36}},"12":{"start":{"line":22,"column":4},"end":{"line":22,"column":54}}},"fnMap":{"0":{"name":"(anonymous_0)","decl":{"start":{"line":4,"column":17},"end":{"line":4,"column":18}},"loc":{"start":{"line":4,"column":40},"end":{"line":24,"column":1}},"line":4},"1":{"name":"(anonymous_1)","decl":{"start":{"line":20,"column":38},"end":{"line":20,"column":39}},"loc":{"start":{"line":20,"column":50},"end":{"line":23,"column":3}},"line":20}},"branchMap":{"0":{"loc":{"start":{"line":4,"column":24},"end":{"line":4,"column":35}},"type":"default-arg","locations":[{"start":{"line":4,"column":33},"end":{"line":4,"column":35}}],"line":4},"1":{"loc":{"start":{"line":5,"column":19},"end":{"line":5,"column":66}},"type":"binary-expr","locations":[{"start":{"line":5,"column":19},"end":{"line":5,"column":55}},{"start":{"line":5,"column":59},"end":{"line":5,"column":66}}],"line":5},"2":{"loc":{"start":{"line":12,"column":4},"end":{"line":12,"column":23}},"type":"if","locations":[{"start":{"line":12,"column":4},"end":{"line":12,"column":23}},{"start":{},"end":{}}],"line":12},"3":{"loc":{"start":{"line":15,"column":2},"end":{"line":17,"column":3}},"type":"if","locations":[{"start":{"line":15,"column":2},"end":{"line":17,"column":3}},{"start":{},"end":{}}],"line":15},"4":{"loc":{"start":{"line":16,"column":11},"end":{"line":16,"column":25}},"type":"binary-expr","locations":[{"start":{"line":16,"column":11},"end":{"line":16,"column":17}},{"start":{"line":16,"column":21},"end":{"line":16,"column":25}}],"line":16},"5":{"loc":{"start":{"line":22,"column":11},"end":{"line":22,"column":53}},"type":"cond-expr","locations":[{"start":{"line":22,"column":33},"end":{"line":22,"column":38}},{"start":{"line":22,"column":41},"end":{"line":22,"column":53}}],"line":22}},"s":{"0":4,"1":315,"2":315,"3":315,"4":315,"5":698,"6":698,"7":3,"8":315,"9":3,"10":312,"11":2,"12":2},"f":{"0":315,"1":2},"b":{"0":[313],"1":[315,1],"2":[3,695],"3":[3,312],"4":[3,3],"5":[1,1]},"_coverageSchema":"1a1c01bbd47fc00a2c39e90264f33305004495a9","hash":"e707845c01fb5cffe941f2ffa729d951e59fab06"}
,"D:\\Usuario\\Documents\\aplicativos\\ControleFinanceiro\\src\\i18n\\translations.js": {"path":"D:\\Usuario\\Documents\\aplicativos\\ControleFinanceiro\\src\\i18n\\translations.js","statementMap":{"0":{"start":{"line":3,"column":28},"end":{"line":5213,"column":1}}},"fnMap":{},"branchMap":{},"s":{"0":3},"f":{},"b":{},"_coverageSchema":"1a1c01bbd47fc00a2c39e90264f33305004495a9","hash":"7e8dd1a33f990d50a38d783a535bfd56004f6567"}
,"D:\\Usuario\\Documents\\aplicativos\\ControleFinanceiro\\src\\screens\\auth\\LoginScreen.js": {"path":"D:\\Usuario\\Documents\\aplicativos\\ControleFinanceiro\\src\\screens\\auth\\LoginScreen.js","statementMap":{"0":{"start":{"line":23,"column":20},"end":{"line":194,"column":1}},"1":{"start":{"line":24,"column":21},"end":{"line":24,"column":31}},"2":{"start":{"line":25,"column":17},"end":{"line":25,"column":62}},"3":{"start":{"line":25,"column":31},"end":{"line":25,"column":51}},"4":{"start":{"line":26,"column":28},"end":{"line":26,"column":40}},"5":{"start":{"line":27,"column":34},"end":{"line":27,"column":46}},"6":{"start":{"line":28,"column":38},"end":{"line":28,"column":50}},"7":{"start":{"line":29,"column":44},"end":{"line":29,"column":56}},"8":{"start":{"line":32,"column":16},"end":{"line":32,"column":52}},"9":{"start":{"line":32,"column":40},"end":{"line":32,"column":51}},"10":{"start":{"line":33,"column":18},"end":{"line":33,"column":56}},"11":{"start":{"line":33,"column":42},"end":{"line":33,"column":55}},"12":{"start":{"line":34,"column":42},"end":{"line":34,"column":54}},"13":{"start":{"line":37,"column":24},"end":{"line":40,"column":3}},"14":{"start":{"line":38,"column":23},"end":{"line":38,"column":51}},"15":{"start":{"line":39,"column":4},"end":{"line":39,"column":34}},"16":{"start":{"line":43,"column":25},"end":{"line":66,"column":3}},"17":{"start":{"line":44,"column":18},"end":{"line":44,"column":22}},"18":{"start":{"line":46,"column":4},"end":{"line":46,"column":22}},"19":{"start":{"line":47,"column":4},"end":{"line":47,"column":25}},"20":{"start":{"line":49,"column":4},"end":{"line":55,"column":5}},"21":{"start":{"line":50,"column":6},"end":{"line":50,"column":53}},"22":{"start":{"line":51,"column":6},"end":{"line":51,"column":22}},"23":{"start":{"line":52,"column":11},"end":{"line":55,"column":5}},"24":{"start":{"line":53,"column":6},"end":{"line":53,"column":52}},"25":{"start":{"line":54,"column":6},"end":{"line":54,"column":22}},"26":{"start":{"line":57,"column":4},"end":{"line":63,"column":5}},"27":{"start":{"line":58,"column":6},"end":{"line":58,"column":59}},"28":{"start":{"line":59,"column":6},"end":{"line":59,"column":22}},"29":{"start":{"line":60,"column":11},"end":{"line":63,"column":5}},"30":{"start":{"line":61,"column":6},"end":{"line":61,"column":54}},"31":{"start":{"line":62,"column":6},"end":{"line":62,"column":22}},"32":{"start":{"line":65,"column":4},"end":{"line":65,"column":19}},"33":{"start":{"line":69,"column":22},"end":{"line":98,"column":3}},"34":{"start":{"line":71,"column":4},"end":{"line":73,"column":5}},"35":{"start":{"line":72,"column":6},"end":{"line":72,"column":13}},"36":{"start":{"line":74,"column":4},"end":{"line":97,"column":5}},"37":{"start":{"line":75,"column":21},"end":{"line":75,"column":49}},"38":{"start":{"line":77,"column":6},"end":{"line":90,"column":7}},"39":{"start":{"line":78,"column":8},"end":{"line":83,"column":10}},"40":{"start":{"line":85,"column":8},"end":{"line":85,"column":64}},"41":{"start":{"line":86,"column":8},"end":{"line":89,"column":10}},"42":{"start":{"line":92,"column":6},"end":{"line":92,"column":63}},"43":{"start":{"line":93,"column":6},"end":{"line":96,"column":8}},"44":{"start":{"line":100,"column":2},"end":{"line":193,"column":4}},"45":{"start":{"line":159,"column":27},"end":{"line":159,"column":64}},"46":{"start":{"line":186,"column":45},"end":{"line":186,"column":76}},"47":{"start":{"line":196,"column":21},"end":{"line":273,"column":4}},"48":{"start":{"line":197,"column":2},"end":{"line":273,"column":4}}},"fnMap":{"0":{"name":"(anonymous_0)","decl":{"start":{"line":23,"column":20},"end":{"line":23,"column":21}},"loc":{"start":{"line":23,"column":40},"end":{"line":194,"column":1}},"line":23},"1":{"name":"(anonymous_1)","decl":{"start":{"line":25,"column":25},"end":{"line":25,"column":26}},"loc":{"start":{"line":25,"column":31},"end":{"line":25,"column":51}},"line":25},"2":{"name":"(anonymous_2)","decl":{"start":{"line":32,"column":29},"end":{"line":32,"column":30}},"loc":{"start":{"line":32,"column":40},"end":{"line":32,"column":51}},"line":32},"3":{"name":"(anonymous_3)","decl":{"start":{"line":33,"column":31},"end":{"line":33,"column":32}},"loc":{"start":{"line":33,"column":42},"end":{"line":33,"column":55}},"line":33},"4":{"name":"(anonymous_4)","decl":{"start":{"line":37,"column":24},"end":{"line":37,"column":25}},"loc":{"start":{"line":37,"column":35},"end":{"line":40,"column":3}},"line":37},"5":{"name":"(anonymous_5)","decl":{"start":{"line":43,"column":25},"end":{"line":43,"column":26}},"loc":{"start":{"line":43,"column":31},"end":{"line":66,"column":3}},"line":43},"6":{"name":"(anonymous_6)","decl":{"start":{"line":69,"column":22},"end":{"line":69,"column":23}},"loc":{"start":{"line":69,"column":34},"end":{"line":98,"column":3}},"line":69},"7":{"name":"(anonymous_7)","decl":{"start":{"line":159,"column":21},"end":{"line":159,"column":22}},"loc":{"start":{"line":159,"column":27},"end":{"line":159,"column":64}},"line":159},"8":{"name":"(anonymous_8)","decl":{"start":{"line":186,"column":39},"end":{"line":186,"column":40}},"loc":{"start":{"line":186,"column":45},"end":{"line":186,"column":76}},"line":186},"9":{"name":"(anonymous_9)","decl":{"start":{"line":196,"column":21},"end":{"line":196,"column":22}},"loc":{"start":{"line":197,"column":2},"end":{"line":273,"column":4}},"line":197}},"branchMap":{"0":{"loc":{"start":{"line":49,"column":4},"end":{"line":55,"column":5}},"type":"if","locations":[{"start":{"line":49,"column":4},"end":{"line":55,"column":5}},{"start":{"line":52,"column":11},"end":{"line":55,"column":5}}],"line":49},"1":{"loc":{"start":{"line":52,"column":11},"end":{"line":55,"column":5}},"type":"if","locations":[{"start":{"line":52,"column":11},"end":{"line":55,"column":5}},{"start":{},"end":{}}],"line":52},"2":{"loc":{"start":{"line":57,"column":4},"end":{"line":63,"column":5}},"type":"if","locations":[{"start":{"line":57,"column":4},"end":{"line":63,"column":5}},{"start":{"line":60,"column":11},"end":{"line":63,"column":5}}],"line":57},"3":{"loc":{"start":{"line":60,"column":11},"end":{"line":63,"column":5}},"type":"if","locations":[{"start":{"line":60,"column":11},"end":{"line":63,"column":5}},{"start":{},"end":{}}],"line":60},"4":{"loc":{"start":{"line":71,"column":4},"end":{"line":73,"column":5}},"type":"if","locations":[{"start":{"line":71,"column":4},"end":{"line":73,"column":5}},{"start":{},"end":{}}],"line":71},"5":{"loc":{"start":{"line":77,"column":6},"end":{"line":90,"column":7}},"type":"if","locations":[{"start":{"line":77,"column":6},"end":{"line":90,"column":7}},{"start":{"line":84,"column":13},"end":{"line":90,"column":7}}],"line":77},"6":{"loc":{"start":{"line":85,"column":24},"end":{"line":85,"column":62}},"type":"binary-expr","locations":[{"start":{"line":85,"column":24},"end":{"line":85,"column":37}},{"start":{"line":85,"column":41},"end":{"line":85,"column":62}}],"line":85},"7":{"loc":{"start":{"line":88,"column":10},"end":{"line":88,"column":55}},"type":"binary-expr","locations":[{"start":{"line":88,"column":10},"end":{"line":88,"column":23}},{"start":{"line":88,"column":27},"end":{"line":88,"column":55}}],"line":88},"8":{"loc":{"start":{"line":92,"column":22},"end":{"line":92,"column":61}},"type":"binary-expr","locations":[{"start":{"line":92,"column":22},"end":{"line":92,"column":36}},{"start":{"line":92,"column":40},"end":{"line":92,"column":61}}],"line":92},"9":{"loc":{"start":{"line":102,"column":16},"end":{"line":102,"column":60}},"type":"cond-expr","locations":[{"start":{"line":102,"column":40},"end":{"line":102,"column":49}},{"start":{"line":102,"column":52},"end":{"line":102,"column":60}}],"line":102},"10":{"loc":{"start":{"line":166,"column":11},"end":{"line":168,"column":18}},"type":"cond-expr","locations":[{"start":{"line":167,"column":12},"end":{"line":167,"column":64}},{"start":{"line":168,"column":14},"end":{"line":168,"column":18}}],"line":166},"11":{"loc":{"start":{"line":224,"column":13},"end":{"line":224,"column":62}},"type":"binary-expr","locations":[{"start":{"line":224,"column":13},"end":{"line":224,"column":29}},{"start":{"line":224,"column":48},"end":{"line":224,"column":62}}],"line":224}},"s":{"0":1,"1":5,"2":5,"3":1,"4":5,"5":5,"6":5,"7":5,"8":5,"9":5,"10":5,"11":5,"12":5,"13":5,"14":1,"15":1,"16":5,"17":1,"18":1,"19":1,"20":1,"21":0,"22":0,"23":1,"24":0,"25":0,"26":1,"27":0,"28":0,"29":1,"30":0,"31":0,"32":1,"33":5,"34":1,"35":0,"36":1,"37":1,"38":1,"39":0,"40":1,"41":1,"42":0,"43":0,"44":5,"45":0,"46":0,"47":1,"48":1},"f":{"0":5,"1":1,"2":5,"3":5,"4":1,"5":1,"6":1,"7":0,"8":0,"9":1},"b":{"0":[0,1],"1":[0,1],"2":[0,1],"3":[0,1],"4":[0,1],"5":[0,1],"6":[1,0],"7":[1,0],"8":[0,0],"9":[5,0],"10":[1,4],"11":[1,0]},"_coverageSchema":"1a1c01bbd47fc00a2c39e90264f33305004495a9","hash":"1da6616eacc5bd6aa38c022e8c3bd4bf6d4b9ad7"}
,"D:\\Usuario\\Documents\\aplicativos\\ControleFinanceiro\\src\\screens\\auth\\RegisterScreen.js": {"path":"D:\\Usuario\\Documents\\aplicativos\\ControleFinanceiro\\src\\screens\\auth\\RegisterScreen.js","statementMap":{"0":{"start":{"line":24,"column":23},"end":{"line":265,"column":1}},"1":{"start":{"line":25,"column":21},"end":{"line":25,"column":31}},"2":{"start":{"line":26,"column":17},"end":{"line":26,"column":62}},"3":{"start":{"line":26,"column":31},"end":{"line":26,"column":51}},"4":{"start":{"line":28,"column":26},"end":{"line":28,"column":38}},"5":{"start":{"line":29,"column":28},"end":{"line":29,"column":40}},"6":{"start":{"line":30,"column":34},"end":{"line":30,"column":46}},"7":{"start":{"line":31,"column":48},"end":{"line":31,"column":60}},"8":{"start":{"line":33,"column":36},"end":{"line":33,"column":48}},"9":{"start":{"line":34,"column":38},"end":{"line":34,"column":50}},"10":{"start":{"line":35,"column":44},"end":{"line":35,"column":56}},"11":{"start":{"line":36,"column":58},"end":{"line":36,"column":70}},"12":{"start":{"line":39,"column":19},"end":{"line":39,"column":58}},"13":{"start":{"line":39,"column":43},"end":{"line":39,"column":57}},"14":{"start":{"line":40,"column":18},"end":{"line":40,"column":56}},"15":{"start":{"line":40,"column":42},"end":{"line":40,"column":55}},"16":{"start":{"line":41,"column":42},"end":{"line":41,"column":54}},"17":{"start":{"line":44,"column":24},"end":{"line":47,"column":3}},"18":{"start":{"line":45,"column":23},"end":{"line":45,"column":51}},"19":{"start":{"line":46,"column":4},"end":{"line":46,"column":34}},"20":{"start":{"line":50,"column":25},"end":{"line":80,"column":3}},"21":{"start":{"line":51,"column":4},"end":{"line":51,"column":24}},"22":{"start":{"line":52,"column":4},"end":{"line":52,"column":21}},"23":{"start":{"line":53,"column":4},"end":{"line":53,"column":22}},"24":{"start":{"line":54,"column":4},"end":{"line":54,"column":25}},"25":{"start":{"line":55,"column":4},"end":{"line":55,"column":32}},"26":{"start":{"line":57,"column":4},"end":{"line":60,"column":5}},"27":{"start":{"line":58,"column":6},"end":{"line":58,"column":50}},"28":{"start":{"line":59,"column":6},"end":{"line":59,"column":19}},"29":{"start":{"line":62,"column":18},"end":{"line":62,"column":22}},"30":{"start":{"line":64,"column":4},"end":{"line":67,"column":5}},"31":{"start":{"line":65,"column":6},"end":{"line":65,"column":38}},"32":{"start":{"line":66,"column":6},"end":{"line":66,"column":22}},"33":{"start":{"line":69,"column":4},"end":{"line":72,"column":5}},"34":{"start":{"line":70,"column":6},"end":{"line":70,"column":41}},"35":{"start":{"line":71,"column":6},"end":{"line":71,"column":22}},"36":{"start":{"line":74,"column":4},"end":{"line":77,"column":5}},"37":{"start":{"line":75,"column":6},"end":{"line":75,"column":54}},"38":{"start":{"line":76,"column":6},"end":{"line":76,"column":22}},"39":{"start":{"line":79,"column":4},"end":{"line":79,"column":19}},"40":{"start":{"line":140,"column":25},"end":{"line":156,"column":3}},"41":{"start":{"line":141,"column":4},"end":{"line":143,"column":5}},"42":{"start":{"line":142,"column":6},"end":{"line":142,"column":13}},"43":{"start":{"line":145,"column":19},"end":{"line":145,"column":56}},"44":{"start":{"line":147,"column":4},"end":{"line":155,"column":5}},"45":{"start":{"line":148,"column":6},"end":{"line":148,"column":76}},"46":{"start":{"line":150,"column":6},"end":{"line":150,"column":62}},"47":{"start":{"line":151,"column":6},"end":{"line":154,"column":8}},"48":{"start":{"line":158,"column":2},"end":{"line":264,"column":4}},"49":{"start":{"line":257,"column":45},"end":{"line":257,"column":64}},"50":{"start":{"line":267,"column":21},"end":{"line":318,"column":4}},"51":{"start":{"line":268,"column":2},"end":{"line":318,"column":4}}},"fnMap":{"0":{"name":"(anonymous_0)","decl":{"start":{"line":24,"column":23},"end":{"line":24,"column":24}},"loc":{"start":{"line":24,"column":43},"end":{"line":265,"column":1}},"line":24},"1":{"name":"(anonymous_1)","decl":{"start":{"line":26,"column":25},"end":{"line":26,"column":26}},"loc":{"start":{"line":26,"column":31},"end":{"line":26,"column":51}},"line":26},"2":{"name":"(anonymous_2)","decl":{"start":{"line":39,"column":32},"end":{"line":39,"column":33}},"loc":{"start":{"line":39,"column":43},"end":{"line":39,"column":57}},"line":39},"3":{"name":"(anonymous_3)","decl":{"start":{"line":40,"column":31},"end":{"line":40,"column":32}},"loc":{"start":{"line":40,"column":42},"end":{"line":40,"column":55}},"line":40},"4":{"name":"(anonymous_4)","decl":{"start":{"line":44,"column":24},"end":{"line":44,"column":25}},"loc":{"start":{"line":44,"column":35},"end":{"line":47,"column":3}},"line":44},"5":{"name":"(anonymous_5)","decl":{"start":{"line":50,"column":25},"end":{"line":50,"column":26}},"loc":{"start":{"line":50,"column":31},"end":{"line":80,"column":3}},"line":50},"6":{"name":"(anonymous_6)","decl":{"start":{"line":140,"column":25},"end":{"line":140,"column":26}},"loc":{"start":{"line":140,"column":37},"end":{"line":156,"column":3}},"line":140},"7":{"name":"(anonymous_7)","decl":{"start":{"line":257,"column":39},"end":{"line":257,"column":40}},"loc":{"start":{"line":257,"column":45},"end":{"line":257,"column":64}},"line":257},"8":{"name":"(anonymous_8)","decl":{"start":{"line":267,"column":21},"end":{"line":267,"column":22}},"loc":{"start":{"line":268,"column":2},"end":{"line":318,"column":4}},"line":268}},"branchMap":{"0":{"loc":{"start":{"line":57,"column":4},"end":{"line":60,"column":5}},"type":"if","locations":[{"start":{"line":57,"column":4},"end":{"line":60,"column":5}},{"start":{},"end":{}}],"line":57},"1":{"loc":{"start":{"line":57,"column":8},"end":{"line":57,"column":56}},"type":"binary-expr","locations":[{"start":{"line":57,"column":8},"end":{"line":57,"column":13}},{"start":{"line":57,"column":17},"end":{"line":57,"column":23}},{"start":{"line":57,"column":27},"end":{"line":57,"column":36}},{"start":{"line":57,"column":40},"end":{"line":57,"column":56}}],"line":57},"2":{"loc":{"start":{"line":64,"column":4},"end":{"line":67,"column":5}},"type":"if","locations":[{"start":{"line":64,"column":4},"end":{"line":67,"column":5}},{"start":{},"end":{}}],"line":64},"3":{"loc":{"start":{"line":69,"column":4},"end":{"line":72,"column":5}},"type":"if","locations":[{"start":{"line":69,"column":4},"end":{"line":72,"column":5}},{"start":{},"end":{}}],"line":69},"4":{"loc":{"start":{"line":74,"column":4},"end":{"line":77,"column":5}},"type":"if","locations":[{"start":{"line":74,"column":4},"end":{"line":77,"column":5}},{"start":{},"end":{}}],"line":74},"5":{"loc":{"start":{"line":141,"column":4},"end":{"line":143,"column":5}},"type":"if","locations":[{"start":{"line":141,"column":4},"end":{"line":143,"column":5}},{"start":{},"end":{}}],"line":141},"6":{"loc":{"start":{"line":147,"column":4},"end":{"line":155,"column":5}},"type":"if","locations":[{"start":{"line":147,"column":4},"end":{"line":155,"column":5}},{"start":{"line":149,"column":11},"end":{"line":155,"column":5}}],"line":147},"7":{"loc":{"start":{"line":150,"column":22},"end":{"line":150,"column":60}},"type":"binary-expr","locations":[{"start":{"line":150,"column":22},"end":{"line":150,"column":35}},{"start":{"line":150,"column":39},"end":{"line":150,"column":60}}],"line":150},"8":{"loc":{"start":{"line":153,"column":8},"end":{"line":153,"column":50}},"type":"binary-expr","locations":[{"start":{"line":153,"column":8},"end":{"line":153,"column":20}},{"start":{"line":153,"column":24},"end":{"line":153,"column":50}}],"line":153},"9":{"loc":{"start":{"line":160,"column":16},"end":{"line":160,"column":60}},"type":"cond-expr","locations":[{"start":{"line":160,"column":40},"end":{"line":160,"column":49}},{"start":{"line":160,"column":52},"end":{"line":160,"column":60}}],"line":160},"10":{"loc":{"start":{"line":242,"column":11},"end":{"line":244,"column":18}},"type":"cond-expr","locations":[{"start":{"line":243,"column":12},"end":{"line":243,"column":64}},{"start":{"line":244,"column":14},"end":{"line":244,"column":18}}],"line":242}},"s":{"0":1,"1":14,"2":14,"3":3,"4":14,"5":14,"6":14,"7":14,"8":14,"9":14,"10":14,"11":14,"12":14,"13":14,"14":14,"15":14,"16":14,"17":14,"18":2,"19":2,"20":14,"21":3,"22":3,"23":3,"24":3,"25":3,"26":3,"27":1,"28":1,"29":2,"30":2,"31":1,"32":1,"33":2,"34":0,"35":0,"36":2,"37":1,"38":1,"39":2,"40":14,"41":3,"42":3,"43":0,"44":0,"45":0,"46":0,"47":0,"48":14,"49":0,"50":1,"51":3},"f":{"0":14,"1":3,"2":14,"3":14,"4":2,"5":3,"6":3,"7":0,"8":3},"b":{"0":[1,2],"1":[3,2,2,2],"2":[1,1],"3":[0,2],"4":[1,1],"5":[3,0],"6":[0,0],"7":[0,0],"8":[0,0],"9":[14,0],"10":[1,13]},"_coverageSchema":"1a1c01bbd47fc00a2c39e90264f33305004495a9","hash":"df3e9a3eb7bcc7ae937d2529caffe630c7f16fc4"}
,"D:\\Usuario\\Documents\\aplicativos\\ControleFinanceiro\\src\\services\\firebase\\config.js": {"path":"D:\\Usuario\\Documents\\aplicativos\\ControleFinanceiro\\src\\services\\firebase\\config.js","statementMap":{"0":{"start":{"line":13,"column":23},"end":{"line":20,"column":1}},"1":{"start":{"line":23,"column":0},"end":{"line":27,"column":1}},"2":{"start":{"line":24,"column":2},"end":{"line":24,"column":53}},"3":{"start":{"line":25,"column":2},"end":{"line":25,"column":76}},"4":{"start":{"line":26,"column":2},"end":{"line":26,"column":72}},"5":{"start":{"line":30,"column":12},"end":{"line":30,"column":41}},"6":{"start":{"line":31,"column":13},"end":{"line":33,"column":2}},"7":{"start":{"line":34,"column":11},"end":{"line":34,"column":28}},"8":{"start":{"line":36,"column":0},"end":{"line":36,"column":52}},"9":{"start":{"line":39,"column":27},"end":{"line":50,"column":1}}},"fnMap":{},"branchMap":{"0":{"loc":{"start":{"line":23,"column":0},"end":{"line":27,"column":1}},"type":"if","locations":[{"start":{"line":23,"column":0},"end":{"line":27,"column":1}},{"start":{},"end":{}}],"line":23}},"s":{"0":3,"1":3,"2":0,"3":0,"4":0,"5":3,"6":3,"7":3,"8":3,"9":3},"f":{},"b":{"0":[0,3]},"_coverageSchema":"1a1c01bbd47fc00a2c39e90264f33305004495a9","hash":"458501d8160916eaa795cb3586fa44661f68e6de"}
,"D:\\Usuario\\Documents\\aplicativos\\ControleFinanceiro\\src\\services\\firebase\\firestore.js": {"path":"D:\\Usuario\\Documents\\aplicativos\\ControleFinanceiro\\src\\services\\firebase\\firestore.js","statementMap":{"0":{"start":{"line":29,"column":27},"end":{"line":45,"column":1}},"1":{"start":{"line":30,"column":2},"end":{"line":44,"column":3}},"2":{"start":{"line":31,"column":25},"end":{"line":35,"column":5}},"3":{"start":{"line":37,"column":19},"end":{"line":37,"column":77}},"4":{"start":{"line":39,"column":4},"end":{"line":39,"column":73}},"5":{"start":{"line":40,"column":4},"end":{"line":40,"column":21}},"6":{"start":{"line":42,"column":4},"end":{"line":42,"column":76}},"7":{"start":{"line":43,"column":4},"end":{"line":43,"column":16}},"8":{"start":{"line":53,"column":27},"end":{"line":69,"column":1}},"9":{"start":{"line":54,"column":2},"end":{"line":68,"column":3}},"10":{"start":{"line":55,"column":19},"end":{"line":55,"column":49}},"11":{"start":{"line":56,"column":20},"end":{"line":56,"column":40}},"12":{"start":{"line":58,"column":4},"end":{"line":64,"column":5}},"13":{"start":{"line":59,"column":6},"end":{"line":59,"column":75}},"14":{"start":{"line":60,"column":6},"end":{"line":60,"column":51}},"15":{"start":{"line":62,"column":6},"end":{"line":62,"column":80}},"16":{"start":{"line":63,"column":6},"end":{"line":63,"column":18}},"17":{"start":{"line":66,"column":4},"end":{"line":66,"column":77}},"18":{"start":{"line":67,"column":4},"end":{"line":67,"column":16}},"19":{"start":{"line":79,"column":28},"end":{"line":130,"column":1}},"20":{"start":{"line":85,"column":2},"end":{"line":129,"column":3}},"21":{"start":{"line":86,"column":26},"end":{"line":86,"column":56}},"22":{"start":{"line":87,"column":12},"end":{"line":87,"column":25}},"23":{"start":{"line":89,"column":24},"end":{"line":89,"column":26}},"24":{"start":{"line":92,"column":4},"end":{"line":100,"column":5}},"25":{"start":{"line":93,"column":6},"end":{"line":99,"column":7}},"26":{"start":{"line":94,"column":8},"end":{"line":96,"column":11}},"27":{"start":{"line":95,"column":10},"end":{"line":95,"column":79}},"28":{"start":{"line":98,"column":8},"end":{"line":98,"column":80}},"29":{"start":{"line":103,"column":4},"end":{"line":105,"column":5}},"30":{"start":{"line":104,"column":6},"end":{"line":104,"column":71}},"31":{"start":{"line":108,"column":4},"end":{"line":110,"column":5}},"32":{"start":{"line":109,"column":6},"end":{"line":109,"column":42}},"33":{"start":{"line":112,"column":4},"end":{"line":114,"column":5}},"34":{"start":{"line":113,"column":6},"end":{"line":113,"column":47}},"35":{"start":{"line":116,"column":21},"end":{"line":116,"column":37}},"36":{"start":{"line":117,"column":22},"end":{"line":120,"column":7}},"37":{"start":{"line":117,"column":51},"end":{"line":120,"column":5}},"38":{"start":{"line":122,"column":4},"end":{"line":124,"column":6}},"39":{"start":{"line":125,"column":4},"end":{"line":125,"column":21}},"40":{"start":{"line":127,"column":4},"end":{"line":127,"column":78}},"41":{"start":{"line":128,"column":4},"end":{"line":128,"column":16}},"42":{"start":{"line":139,"column":30},"end":{"line":158,"column":1}},"43":{"start":{"line":140,"column":2},"end":{"line":157,"column":3}},"44":{"start":{"line":141,"column":19},"end":{"line":141,"column":49}},"45":{"start":{"line":142,"column":23},"end":{"line":145,"column":5}},"46":{"start":{"line":147,"column":4},"end":{"line":147,"column":40}},"47":{"start":{"line":149,"column":4},"end":{"line":149,"column":73}},"48":{"start":{"line":150,"column":4},"end":{"line":150,"column":16}},"49":{"start":{"line":152,"column":4},"end":{"line":155,"column":6}},"50":{"start":{"line":156,"column":4},"end":{"line":156,"column":16}},"51":{"start":{"line":166,"column":30},"end":{"line":177,"column":1}},"52":{"start":{"line":167,"column":2},"end":{"line":176,"column":3}},"53":{"start":{"line":168,"column":19},"end":{"line":168,"column":49}},"54":{"start":{"line":169,"column":4},"end":{"line":169,"column":28}},"55":{"start":{"line":171,"column":4},"end":{"line":171,"column":71}},"56":{"start":{"line":172,"column":4},"end":{"line":172,"column":16}},"57":{"start":{"line":174,"column":4},"end":{"line":174,"column":78}},"58":{"start":{"line":175,"column":4},"end":{"line":175,"column":16}},"59":{"start":{"line":186,"column":32},"end":{"line":204,"column":1}},"60":{"start":{"line":187,"column":17},"end":{"line":187,"column":47}},"61":{"start":{"line":189,"column":22},"end":{"line":201,"column":3}},"62":{"start":{"line":192,"column":6},"end":{"line":196,"column":7}},"63":{"start":{"line":193,"column":8},"end":{"line":193,"column":56}},"64":{"start":{"line":195,"column":8},"end":{"line":195,"column":23}},"65":{"start":{"line":199,"column":6},"end":{"line":199,"column":71}},"66":{"start":{"line":203,"column":2},"end":{"line":203,"column":21}},"67":{"start":{"line":213,"column":34},"end":{"line":248,"column":1}},"68":{"start":{"line":218,"column":24},"end":{"line":218,"column":54}},"69":{"start":{"line":219,"column":10},"end":{"line":219,"column":23}},"70":{"start":{"line":221,"column":2},"end":{"line":231,"column":3}},"71":{"start":{"line":222,"column":24},"end":{"line":222,"column":26}},"72":{"start":{"line":223,"column":4},"end":{"line":229,"column":5}},"73":{"start":{"line":224,"column":6},"end":{"line":226,"column":9}},"74":{"start":{"line":225,"column":8},"end":{"line":225,"column":77}},"75":{"start":{"line":228,"column":6},"end":{"line":228,"column":78}},"76":{"start":{"line":230,"column":4},"end":{"line":230,"column":45}},"77":{"start":{"line":233,"column":22},"end":{"line":245,"column":3}},"78":{"start":{"line":236,"column":24},"end":{"line":239,"column":9}},"79":{"start":{"line":236,"column":53},"end":{"line":239,"column":7}},"80":{"start":{"line":240,"column":6},"end":{"line":240,"column":26}},"81":{"start":{"line":243,"column":6},"end":{"line":243,"column":71}},"82":{"start":{"line":247,"column":2},"end":{"line":247,"column":21}},"83":{"start":{"line":255,"column":30},"end":{"line":293,"column":1}},"84":{"start":{"line":256,"column":2},"end":{"line":292,"column":3}},"85":{"start":{"line":257,"column":19},"end":{"line":257,"column":21}},"86":{"start":{"line":260,"column":4},"end":{"line":264,"column":7}},"87":{"start":{"line":267,"column":4},"end":{"line":271,"column":7}},"88":{"start":{"line":274,"column":4},"end":{"line":278,"column":7}},"89":{"start":{"line":281,"column":4},"end":{"line":285,"column":7}},"90":{"start":{"line":287,"column":4},"end":{"line":287,"column":47}},"91":{"start":{"line":288,"column":4},"end":{"line":288,"column":18}},"92":{"start":{"line":290,"column":4},"end":{"line":290,"column":52}},"93":{"start":{"line":291,"column":4},"end":{"line":291,"column":16}}},"fnMap":{"0":{"name":"(anonymous_0)","decl":{"start":{"line":29,"column":27},"end":{"line":29,"column":28}},"loc":{"start":{"line":29,"column":59},"end":{"line":45,"column":1}},"line":29},"1":{"name":"(anonymous_1)","decl":{"start":{"line":53,"column":27},"end":{"line":53,"column":28}},"loc":{"start":{"line":53,"column":60},"end":{"line":69,"column":1}},"line":53},"2":{"name":"(anonymous_2)","decl":{"start":{"line":79,"column":28},"end":{"line":79,"column":29}},"loc":{"start":{"line":84,"column":5},"end":{"line":130,"column":1}},"line":84},"3":{"name":"(anonymous_3)","decl":{"start":{"line":94,"column":24},"end":{"line":94,"column":25}},"loc":{"start":{"line":94,"column":36},"end":{"line":96,"column":9}},"line":94},"4":{"name":"(anonymous_4)","decl":{"start":{"line":117,"column":40},"end":{"line":117,"column":41}},"loc":{"start":{"line":117,"column":51},"end":{"line":120,"column":5}},"line":117},"5":{"name":"(anonymous_5)","decl":{"start":{"line":139,"column":30},"end":{"line":139,"column":31}},"loc":{"start":{"line":139,"column":69},"end":{"line":158,"column":1}},"line":139},"6":{"name":"(anonymous_6)","decl":{"start":{"line":166,"column":30},"end":{"line":166,"column":31}},"loc":{"start":{"line":166,"column":63},"end":{"line":177,"column":1}},"line":166},"7":{"name":"(anonymous_7)","decl":{"start":{"line":186,"column":32},"end":{"line":186,"column":33}},"loc":{"start":{"line":186,"column":69},"end":{"line":204,"column":1}},"line":186},"8":{"name":"(anonymous_8)","decl":{"start":{"line":191,"column":4},"end":{"line":191,"column":5}},"loc":{"start":{"line":191,"column":17},"end":{"line":197,"column":5}},"line":191},"9":{"name":"(anonymous_9)","decl":{"start":{"line":198,"column":4},"end":{"line":198,"column":5}},"loc":{"start":{"line":198,"column":15},"end":{"line":200,"column":5}},"line":198},"10":{"name":"(anonymous_10)","decl":{"start":{"line":213,"column":34},"end":{"line":213,"column":35}},"loc":{"start":{"line":217,"column":5},"end":{"line":248,"column":1}},"line":217},"11":{"name":"(anonymous_11)","decl":{"start":{"line":224,"column":22},"end":{"line":224,"column":23}},"loc":{"start":{"line":224,"column":34},"end":{"line":226,"column":7}},"line":224},"12":{"name":"(anonymous_12)","decl":{"start":{"line":235,"column":4},"end":{"line":235,"column":5}},"loc":{"start":{"line":235,"column":18},"end":{"line":241,"column":5}},"line":235},"13":{"name":"(anonymous_13)","decl":{"start":{"line":236,"column":42},"end":{"line":236,"column":43}},"loc":{"start":{"line":236,"column":53},"end":{"line":239,"column":7}},"line":236},"14":{"name":"(anonymous_14)","decl":{"start":{"line":242,"column":4},"end":{"line":242,"column":5}},"loc":{"start":{"line":242,"column":15},"end":{"line":244,"column":5}},"line":242},"15":{"name":"(anonymous_15)","decl":{"start":{"line":255,"column":30},"end":{"line":255,"column":31}},"loc":{"start":{"line":255,"column":48},"end":{"line":293,"column":1}},"line":255}},"branchMap":{"0":{"loc":{"start":{"line":58,"column":4},"end":{"line":64,"column":5}},"type":"if","locations":[{"start":{"line":58,"column":4},"end":{"line":64,"column":5}},{"start":{"line":61,"column":11},"end":{"line":64,"column":5}}],"line":58},"1":{"loc":{"start":{"line":81,"column":2},"end":{"line":81,"column":16}},"type":"default-arg","locations":[{"start":{"line":81,"column":12},"end":{"line":81,"column":16}}],"line":81},"2":{"loc":{"start":{"line":82,"column":2},"end":{"line":82,"column":14}},"type":"default-arg","locations":[{"start":{"line":82,"column":10},"end":{"line":82,"column":14}}],"line":82},"3":{"loc":{"start":{"line":83,"column":2},"end":{"line":83,"column":19}},"type":"default-arg","locations":[{"start":{"line":83,"column":15},"end":{"line":83,"column":19}}],"line":83},"4":{"loc":{"start":{"line":92,"column":4},"end":{"line":100,"column":5}},"type":"if","locations":[{"start":{"line":92,"column":4},"end":{"line":100,"column":5}},{"start":{},"end":{}}],"line":92},"5":{"loc":{"start":{"line":93,"column":6},"end":{"line":99,"column":7}},"type":"if","locations":[{"start":{"line":93,"column":6},"end":{"line":99,"column":7}},{"start":{"line":97,"column":13},"end":{"line":99,"column":7}}],"line":93},"6":{"loc":{"start":{"line":103,"column":4},"end":{"line":105,"column":5}},"type":"if","locations":[{"start":{"line":103,"column":4},"end":{"line":105,"column":5}},{"start":{},"end":{}}],"line":103},"7":{"loc":{"start":{"line":104,"column":44},"end":{"line":104,"column":68}},"type":"binary-expr","locations":[{"start":{"line":104,"column":44},"end":{"line":104,"column":59}},{"start":{"line":104,"column":63},"end":{"line":104,"column":68}}],"line":104},"8":{"loc":{"start":{"line":108,"column":4},"end":{"line":110,"column":5}},"type":"if","locations":[{"start":{"line":108,"column":4},"end":{"line":110,"column":5}},{"start":{},"end":{}}],"line":108},"9":{"loc":{"start":{"line":112,"column":4},"end":{"line":114,"column":5}},"type":"if","locations":[{"start":{"line":112,"column":4},"end":{"line":114,"column":5}},{"start":{},"end":{}}],"line":112},"10":{"loc":{"start":{"line":192,"column":6},"end":{"line":196,"column":7}},"type":"if","locations":[{"start":{"line":192,"column":6},"end":{"line":196,"column":7}},{"start":{"line":194,"column":13},"end":{"line":196,"column":7}}],"line":192},"11":{"loc":{"start":{"line":216,"column":2},"end":{"line":216,"column":16}},"type":"default-arg","locations":[{"start":{"line":216,"column":12},"end":{"line":216,"column":16}}],"line":216},"12":{"loc":{"start":{"line":221,"column":2},"end":{"line":231,"column":3}},"type":"if","locations":[{"start":{"line":221,"column":2},"end":{"line":231,"column":3}},{"start":{},"end":{}}],"line":221},"13":{"loc":{"start":{"line":223,"column":4},"end":{"line":229,"column":5}},"type":"if","locations":[{"start":{"line":223,"column":4},"end":{"line":229,"column":5}},{"start":{"line":227,"column":11},"end":{"line":229,"column":5}}],"line":223}},"s":{"0":4,"1":57,"2":57,"3":57,"4":56,"5":56,"6":1,"7":1,"8":4,"9":2,"10":2,"11":2,"12":2,"13":1,"14":1,"15":1,"16":1,"17":0,"18":0,"19":4,"20":10,"21":10,"22":10,"23":10,"24":10,"25":8,"26":0,"27":0,"28":8,"29":10,"30":4,"31":10,"32":1,"33":10,"34":8,"35":10,"36":9,"37":6,"38":9,"39":9,"40":1,"41":1,"42":4,"43":6,"44":6,"45":6,"46":6,"47":5,"48":5,"49":1,"50":1,"51":4,"52":4,"53":4,"54":4,"55":3,"56":3,"57":1,"58":1,"59":4,"60":1,"61":1,"62":1,"63":1,"64":0,"65":0,"66":1,"67":4,"68":1,"69":1,"70":1,"71":0,"72":0,"73":0,"74":0,"75":0,"76":0,"77":1,"78":1,"79":1,"80":1,"81":0,"82":1,"83":4,"84":1,"85":1,"86":1,"87":1,"88":1,"89":1,"90":1,"91":1,"92":0,"93":0},"f":{"0":57,"1":2,"2":10,"3":0,"4":6,"5":6,"6":4,"7":1,"8":1,"9":0,"10":1,"11":0,"12":1,"13":1,"14":0,"15":1},"b":{"0":[1,1],"1":[2],"2":[6],"3":[9],"4":[8,2],"5":[0,8],"6":[4,6],"7":[4,0],"8":[1,9],"9":[8,2],"10":[1,0],"11":[1],"12":[0,1],"13":[0,0]},"_coverageSchema":"1a1c01bbd47fc00a2c39e90264f33305004495a9","hash":"9c231d2d55b9021af4ba502fc64887a280ca7cb8"}
,"D:\\Usuario\\Documents\\aplicativos\\ControleFinanceiro\\src\\services\\notifications\\notificationService.js": {"path":"D:\\Usuario\\Documents\\aplicativos\\ControleFinanceiro\\src\\services\\notifications\\notificationService.js","statementMap":{"0":{"start":{"line":4,"column":0},"end":{"line":11,"column":3}},"1":{"start":{"line":5,"column":35},"end":{"line":10,"column":3}},"2":{"start":{"line":14,"column":16},"end":{"line":14,"column":21}},"3":{"start":{"line":16,"column":27},"end":{"line":16,"column":29}},"4":{"start":{"line":23,"column":4},"end":{"line":23,"column":33}},"5":{"start":{"line":23,"column":26},"end":{"line":23,"column":33}},"6":{"start":{"line":25,"column":4},"end":{"line":75,"column":5}},"7":{"start":{"line":27,"column":8},"end":{"line":27,"column":49}},"8":{"start":{"line":29,"column":24},"end":{"line":29,"column":38}},"9":{"start":{"line":31,"column":6},"end":{"line":35,"column":7}},"10":{"start":{"line":32,"column":27},"end":{"line":32,"column":72}},"11":{"start":{"line":34,"column":8},"end":{"line":34,"column":29}},"12":{"start":{"line":37,"column":6},"end":{"line":40,"column":7}},"13":{"start":{"line":38,"column":8},"end":{"line":38,"column":66}},"14":{"start":{"line":39,"column":8},"end":{"line":39,"column":15}},"15":{"start":{"line":42,"column":6},"end":{"line":68,"column":7}},"16":{"start":{"line":43,"column":8},"end":{"line":49,"column":11}},"17":{"start":{"line":51,"column":8},"end":{"line":57,"column":11}},"18":{"start":{"line":59,"column":8},"end":{"line":65,"column":11}},"19":{"start":{"line":67,"column":8},"end":{"line":67,"column":53}},"20":{"start":{"line":70,"column":6},"end":{"line":70,"column":30}},"21":{"start":{"line":72,"column":6},"end":{"line":72,"column":56}},"22":{"start":{"line":74,"column":6},"end":{"line":74,"column":74}},"23":{"start":{"line":83,"column":4},"end":{"line":91,"column":5}},"24":{"start":{"line":84,"column":6},"end":{"line":84,"column":65}},"25":{"start":{"line":86,"column":6},"end":{"line":86,"column":39}},"26":{"start":{"line":88,"column":6},"end":{"line":88,"column":54}},"27":{"start":{"line":90,"column":6},"end":{"line":90,"column":71}},"28":{"start":{"line":99,"column":4},"end":{"line":133,"column":5}},"29":{"start":{"line":100,"column":6},"end":{"line":100,"column":29}},"30":{"start":{"line":102,"column":6},"end":{"line":105,"column":7}},"31":{"start":{"line":103,"column":8},"end":{"line":103,"column":51}},"32":{"start":{"line":104,"column":8},"end":{"line":104,"column":15}},"33":{"start":{"line":108,"column":8},"end":{"line":108,"column":21}},"34":{"start":{"line":110,"column":6},"end":{"line":112,"column":7}},"35":{"start":{"line":111,"column":8},"end":{"line":111,"column":47}},"36":{"start":{"line":114,"column":6},"end":{"line":116,"column":7}},"37":{"start":{"line":115,"column":8},"end":{"line":115,"column":47}},"38":{"start":{"line":118,"column":6},"end":{"line":120,"column":7}},"39":{"start":{"line":119,"column":8},"end":{"line":119,"column":47}},"40":{"start":{"line":122,"column":6},"end":{"line":128,"column":7}},"41":{"start":{"line":123,"column":8},"end":{"line":127,"column":10}},"42":{"start":{"line":130,"column":6},"end":{"line":130,"column":47}},"43":{"start":{"line":132,"column":6},"end":{"line":132,"column":62}},"44":{"start":{"line":141,"column":4},"end":{"line":155,"column":5}},"45":{"start":{"line":142,"column":6},"end":{"line":152,"column":9}},"46":{"start":{"line":154,"column":6},"end":{"line":154,"column":69}},"47":{"start":{"line":163,"column":4},"end":{"line":186,"column":5}},"48":{"start":{"line":164,"column":29},"end":{"line":164,"column":56}},"49":{"start":{"line":166,"column":17},"end":{"line":179,"column":8}},"50":{"start":{"line":181,"column":6},"end":{"line":181,"column":53}},"51":{"start":{"line":183,"column":6},"end":{"line":183,"column":55}},"52":{"start":{"line":185,"column":6},"end":{"line":185,"column":62}},"53":{"start":{"line":194,"column":4},"end":{"line":217,"column":5}},"54":{"start":{"line":195,"column":29},"end":{"line":195,"column":56}},"55":{"start":{"line":197,"column":17},"end":{"line":210,"column":8}},"56":{"start":{"line":212,"column":6},"end":{"line":212,"column":45}},"57":{"start":{"line":214,"column":6},"end":{"line":214,"column":51}},"58":{"start":{"line":216,"column":6},"end":{"line":216,"column":53}},"59":{"start":{"line":228,"column":4},"end":{"line":270,"column":5}},"60":{"start":{"line":229,"column":29},"end":{"line":229,"column":56}},"61":{"start":{"line":231,"column":20},"end":{"line":231,"column":24}},"62":{"start":{"line":234,"column":6},"end":{"line":252,"column":7}},"63":{"start":{"line":235,"column":8},"end":{"line":240,"column":10}},"64":{"start":{"line":245,"column":8},"end":{"line":251,"column":10}},"65":{"start":{"line":254,"column":17},"end":{"line":263,"column":8}},"66":{"start":{"line":265,"column":6},"end":{"line":265,"column":45}},"67":{"start":{"line":267,"column":6},"end":{"line":267,"column":51}},"68":{"start":{"line":269,"column":6},"end":{"line":269,"column":53}},"69":{"start":{"line":278,"column":4},"end":{"line":301,"column":5}},"70":{"start":{"line":279,"column":29},"end":{"line":279,"column":56}},"71":{"start":{"line":281,"column":17},"end":{"line":294,"column":8}},"72":{"start":{"line":296,"column":6},"end":{"line":296,"column":45}},"73":{"start":{"line":298,"column":6},"end":{"line":298,"column":47}},"74":{"start":{"line":300,"column":6},"end":{"line":300,"column":52}},"75":{"start":{"line":309,"column":4},"end":{"line":335,"column":5}},"76":{"start":{"line":310,"column":30},"end":{"line":310,"column":55}},"77":{"start":{"line":312,"column":6},"end":{"line":321,"column":7}},"78":{"start":{"line":313,"column":8},"end":{"line":320,"column":10}},"79":{"start":{"line":323,"column":6},"end":{"line":332,"column":7}},"80":{"start":{"line":324,"column":8},"end":{"line":331,"column":10}},"81":{"start":{"line":334,"column":6},"end":{"line":334,"column":56}},"82":{"start":{"line":343,"column":4},"end":{"line":370,"column":5}},"83":{"start":{"line":344,"column":18},"end":{"line":344,"column":40}},"84":{"start":{"line":346,"column":17},"end":{"line":346,"column":79}},"85":{"start":{"line":348,"column":6},"end":{"line":356,"column":7}},"86":{"start":{"line":349,"column":8},"end":{"line":349,"column":37}},"87":{"start":{"line":350,"column":8},"end":{"line":350,"column":61}},"88":{"start":{"line":351,"column":13},"end":{"line":356,"column":7}},"89":{"start":{"line":352,"column":8},"end":{"line":352,"column":31}},"90":{"start":{"line":353,"column":8},"end":{"line":355,"column":40}},"91":{"start":{"line":358,"column":6},"end":{"line":367,"column":8}},"92":{"start":{"line":369,"column":6},"end":{"line":369,"column":51}},"93":{"start":{"line":378,"column":4},"end":{"line":406,"column":5}},"94":{"start":{"line":379,"column":18},"end":{"line":379,"column":20}},"95":{"start":{"line":380,"column":17},"end":{"line":380,"column":19}},"96":{"start":{"line":383,"column":6},"end":{"line":386,"column":7}},"97":{"start":{"line":384,"column":8},"end":{"line":384,"column":42}},"98":{"start":{"line":385,"column":8},"end":{"line":385,"column":66}},"99":{"start":{"line":389,"column":6},"end":{"line":392,"column":7}},"100":{"start":{"line":390,"column":8},"end":{"line":390,"column":41}},"101":{"start":{"line":391,"column":8},"end":{"line":391,"column":61}},"102":{"start":{"line":394,"column":6},"end":{"line":403,"column":8}},"103":{"start":{"line":405,"column":6},"end":{"line":405,"column":56}}},"fnMap":{"0":{"name":"(anonymous_0)","decl":{"start":{"line":5,"column":22},"end":{"line":5,"column":23}},"loc":{"start":{"line":5,"column":35},"end":{"line":10,"column":3}},"line":5},"1":{"name":"(anonymous_1)","decl":{"start":{"line":22,"column":2},"end":{"line":22,"column":3}},"loc":{"start":{"line":22,"column":15},"end":{"line":76,"column":3}},"line":22},"2":{"name":"(anonymous_2)","decl":{"start":{"line":82,"column":2},"end":{"line":82,"column":3}},"loc":{"start":{"line":82,"column":20},"end":{"line":92,"column":3}},"line":82},"3":{"name":"(anonymous_3)","decl":{"start":{"line":98,"column":2},"end":{"line":98,"column":3}},"loc":{"start":{"line":98,"column":37},"end":{"line":134,"column":3}},"line":98},"4":{"name":"(anonymous_4)","decl":{"start":{"line":140,"column":2},"end":{"line":140,"column":3}},"loc":{"start":{"line":140,"column":72},"end":{"line":156,"column":3}},"line":140},"5":{"name":"(anonymous_5)","decl":{"start":{"line":162,"column":2},"end":{"line":162,"column":3}},"loc":{"start":{"line":162,"column":36},"end":{"line":187,"column":3}},"line":162},"6":{"name":"(anonymous_6)","decl":{"start":{"line":193,"column":2},"end":{"line":193,"column":3}},"loc":{"start":{"line":193,"column":36},"end":{"line":218,"column":3}},"line":193},"7":{"name":"(anonymous_7)","decl":{"start":{"line":227,"column":2},"end":{"line":227,"column":3}},"loc":{"start":{"line":227,"column":59},"end":{"line":271,"column":3}},"line":227},"8":{"name":"(anonymous_8)","decl":{"start":{"line":277,"column":2},"end":{"line":277,"column":3}},"loc":{"start":{"line":277,"column":36},"end":{"line":302,"column":3}},"line":277},"9":{"name":"(anonymous_9)","decl":{"start":{"line":308,"column":2},"end":{"line":308,"column":3}},"loc":{"start":{"line":308,"column":40},"end":{"line":336,"column":3}},"line":308},"10":{"name":"(anonymous_10)","decl":{"start":{"line":342,"column":2},"end":{"line":342,"column":3}},"loc":{"start":{"line":342,"column":66},"end":{"line":371,"column":3}},"line":342},"11":{"name":"(anonymous_11)","decl":{"start":{"line":377,"column":2},"end":{"line":377,"column":3}},"loc":{"start":{"line":377,"column":46},"end":{"line":407,"column":3}},"line":377}},"branchMap":{"0":{"loc":{"start":{"line":23,"column":4},"end":{"line":23,"column":33}},"type":"if","locations":[{"start":{"line":23,"column":4},"end":{"line":23,"column":33}},{"start":{},"end":{}}],"line":23},"1":{"loc":{"start":{"line":31,"column":6},"end":{"line":35,"column":7}},"type":"if","locations":[{"start":{"line":31,"column":6},"end":{"line":35,"column":7}},{"start":{},"end":{}}],"line":31},"2":{"loc":{"start":{"line":37,"column":6},"end":{"line":40,"column":7}},"type":"if","locations":[{"start":{"line":37,"column":6},"end":{"line":40,"column":7}},{"start":{},"end":{}}],"line":37},"3":{"loc":{"start":{"line":42,"column":6},"end":{"line":68,"column":7}},"type":"if","locations":[{"start":{"line":42,"column":6},"end":{"line":68,"column":7}},{"start":{},"end":{}}],"line":42},"4":{"loc":{"start":{"line":102,"column":6},"end":{"line":105,"column":7}},"type":"if","locations":[{"start":{"line":102,"column":6},"end":{"line":105,"column":7}},{"start":{},"end":{}}],"line":102},"5":{"loc":{"start":{"line":110,"column":6},"end":{"line":112,"column":7}},"type":"if","locations":[{"start":{"line":110,"column":6},"end":{"line":112,"column":7}},{"start":{},"end":{}}],"line":110},"6":{"loc":{"start":{"line":114,"column":6},"end":{"line":116,"column":7}},"type":"if","locations":[{"start":{"line":114,"column":6},"end":{"line":116,"column":7}},{"start":{},"end":{}}],"line":114},"7":{"loc":{"start":{"line":118,"column":6},"end":{"line":120,"column":7}},"type":"if","locations":[{"start":{"line":118,"column":6},"end":{"line":120,"column":7}},{"start":{},"end":{}}],"line":118},"8":{"loc":{"start":{"line":122,"column":6},"end":{"line":128,"column":7}},"type":"if","locations":[{"start":{"line":122,"column":6},"end":{"line":128,"column":7}},{"start":{},"end":{}}],"line":122},"9":{"loc":{"start":{"line":125,"column":10},"end":{"line":125,"column":23}},"type":"binary-expr","locations":[{"start":{"line":125,"column":10},"end":{"line":125,"column":18}},{"start":{"line":125,"column":22},"end":{"line":125,"column":23}}],"line":125},"10":{"loc":{"start":{"line":126,"column":10},"end":{"line":126,"column":28}},"type":"binary-expr","locations":[{"start":{"line":126,"column":10},"end":{"line":126,"column":20}},{"start":{"line":126,"column":24},"end":{"line":126,"column":28}}],"line":126},"11":{"loc":{"start":{"line":140,"column":38},"end":{"line":140,"column":47}},"type":"default-arg","locations":[{"start":{"line":140,"column":45},"end":{"line":140,"column":47}}],"line":140},"12":{"loc":{"start":{"line":140,"column":49},"end":{"line":140,"column":70}},"type":"default-arg","locations":[{"start":{"line":140,"column":61},"end":{"line":140,"column":70}}],"line":140},"13":{"loc":{"start":{"line":227,"column":36},"end":{"line":227,"column":43}},"type":"default-arg","locations":[{"start":{"line":227,"column":42},"end":{"line":227,"column":43}}],"line":227},"14":{"loc":{"start":{"line":227,"column":45},"end":{"line":227,"column":57}},"type":"default-arg","locations":[{"start":{"line":227,"column":53},"end":{"line":227,"column":57}}],"line":227},"15":{"loc":{"start":{"line":234,"column":6},"end":{"line":252,"column":7}},"type":"if","locations":[{"start":{"line":234,"column":6},"end":{"line":252,"column":7}},{"start":{"line":244,"column":11},"end":{"line":252,"column":7}}],"line":234},"16":{"loc":{"start":{"line":312,"column":6},"end":{"line":321,"column":7}},"type":"if","locations":[{"start":{"line":312,"column":6},"end":{"line":321,"column":7}},{"start":{},"end":{}}],"line":312},"17":{"loc":{"start":{"line":323,"column":6},"end":{"line":332,"column":7}},"type":"if","locations":[{"start":{"line":323,"column":6},"end":{"line":332,"column":7}},{"start":{},"end":{}}],"line":323},"18":{"loc":{"start":{"line":348,"column":6},"end":{"line":356,"column":7}},"type":"if","locations":[{"start":{"line":348,"column":6},"end":{"line":356,"column":7}},{"start":{"line":351,"column":13},"end":{"line":356,"column":7}}],"line":348},"19":{"loc":{"start":{"line":351,"column":13},"end":{"line":356,"column":7}},"type":"if","locations":[{"start":{"line":351,"column":13},"end":{"line":356,"column":7}},{"start":{},"end":{}}],"line":351},"20":{"loc":{"start":{"line":383,"column":6},"end":{"line":386,"column":7}},"type":"if","locations":[{"start":{"line":383,"column":6},"end":{"line":386,"column":7}},{"start":{},"end":{}}],"line":383},"21":{"loc":{"start":{"line":389,"column":6},"end":{"line":392,"column":7}},"type":"if","locations":[{"start":{"line":389,"column":6},"end":{"line":392,"column":7}},{"start":{},"end":{}}],"line":389}},"s":{"0":6,"1":0,"2":6,"3":6,"4":3,"5":0,"6":3,"7":3,"8":2,"9":2,"10":1,"11":1,"12":2,"13":1,"14":1,"15":1,"16":1,"17":1,"18":1,"19":1,"20":1,"21":1,"22":1,"23":4,"24":4,"25":3,"26":3,"27":1,"28":2,"29":2,"30":2,"31":1,"32":1,"33":1,"34":1,"35":1,"36":1,"37":1,"38":1,"39":1,"40":1,"41":1,"42":1,"43":0,"44":15,"45":15,"46":2,"47":2,"48":2,"49":2,"50":2,"51":2,"52":0,"53":2,"54":2,"55":2,"56":2,"57":2,"58":0,"59":3,"60":3,"61":3,"62":3,"63":1,"64":2,"65":3,"66":3,"67":3,"68":0,"69":2,"70":2,"71":2,"72":2,"73":2,"74":0,"75":6,"76":6,"77":6,"78":3,"79":6,"80":3,"81":0,"82":3,"83":3,"84":3,"85":3,"86":1,"87":1,"88":2,"89":1,"90":1,"91":3,"92":0,"93":3,"94":3,"95":3,"96":3,"97":1,"98":1,"99":3,"100":1,"101":1,"102":3,"103":0},"f":{"0":0,"1":3,"2":4,"3":2,"4":15,"5":2,"6":2,"7":3,"8":2,"9":6,"10":3,"11":3},"b":{"0":[0,3],"1":[1,1],"2":[1,1],"3":[1,0],"4":[1,1],"5":[1,0],"6":[1,0],"7":[1,0],"8":[1,0],"9":[1,0],"10":[1,0],"11":[3],"12":[9],"13":[0],"14":[1],"15":[1,2],"16":[3,3],"17":[3,3],"18":[1,2],"19":[1,1],"20":[1,2],"21":[1,2]},"_coverageSchema":"1a1c01bbd47fc00a2c39e90264f33305004495a9","hash":"e625c4383e11bd7c0fbc8011d8e5983ccb8ccfa1"}
,"D:\\Usuario\\Documents\\aplicativos\\ControleFinanceiro\\src\\services\\storage\\asyncStorage.js": {"path":"D:\\Usuario\\Documents\\aplicativos\\ControleFinanceiro\\src\\services\\storage\\asyncStorage.js","statementMap":{"0":{"start":{"line":9,"column":28},"end":{"line":18,"column":1}},"1":{"start":{"line":24,"column":27},"end":{"line":35,"column":1}},"2":{"start":{"line":25,"column":15},"end":{"line":25,"column":28}},"3":{"start":{"line":26,"column":2},"end":{"line":34,"column":4}},"4":{"start":{"line":27,"column":4},"end":{"line":32,"column":5}},"5":{"start":{"line":28,"column":6},"end":{"line":30,"column":7}},"6":{"start":{"line":29,"column":8},"end":{"line":29,"column":28}},"7":{"start":{"line":31,"column":6},"end":{"line":31,"column":22}},"8":{"start":{"line":33,"column":4},"end":{"line":33,"column":17}},"9":{"start":{"line":43,"column":24},"end":{"line":53,"column":1}},"10":{"start":{"line":44,"column":2},"end":{"line":52,"column":3}},"11":{"start":{"line":46,"column":22},"end":{"line":46,"column":65}},"12":{"start":{"line":47,"column":4},"end":{"line":47,"column":47}},"13":{"start":{"line":48,"column":4},"end":{"line":48,"column":16}},"14":{"start":{"line":50,"column":4},"end":{"line":50,"column":59}},"15":{"start":{"line":51,"column":4},"end":{"line":51,"column":17}},"16":{"start":{"line":60,"column":23},"end":{"line":71,"column":1}},"17":{"start":{"line":61,"column":2},"end":{"line":70,"column":3}},"18":{"start":{"line":62,"column":22},"end":{"line":62,"column":53}},"19":{"start":{"line":63,"column":4},"end":{"line":65,"column":5}},"20":{"start":{"line":64,"column":6},"end":{"line":64,"column":35}},"21":{"start":{"line":66,"column":4},"end":{"line":66,"column":16}},"22":{"start":{"line":68,"column":4},"end":{"line":68,"column":62}},"23":{"start":{"line":69,"column":4},"end":{"line":69,"column":16}},"24":{"start":{"line":78,"column":26},"end":{"line":86,"column":1}},"25":{"start":{"line":79,"column":2},"end":{"line":85,"column":3}},"26":{"start":{"line":80,"column":4},"end":{"line":80,"column":39}},"27":{"start":{"line":81,"column":4},"end":{"line":81,"column":16}},"28":{"start":{"line":83,"column":4},"end":{"line":83,"column":60}},"29":{"start":{"line":84,"column":4},"end":{"line":84,"column":17}},"30":{"start":{"line":92,"column":24},"end":{"line":100,"column":1}},"31":{"start":{"line":93,"column":2},"end":{"line":99,"column":3}},"32":{"start":{"line":94,"column":4},"end":{"line":94,"column":31}},"33":{"start":{"line":95,"column":4},"end":{"line":95,"column":16}},"34":{"start":{"line":97,"column":4},"end":{"line":97,"column":58}},"35":{"start":{"line":98,"column":4},"end":{"line":98,"column":17}},"36":{"start":{"line":106,"column":26},"end":{"line":114,"column":1}},"37":{"start":{"line":107,"column":2},"end":{"line":113,"column":3}},"38":{"start":{"line":108,"column":17},"end":{"line":108,"column":48}},"39":{"start":{"line":109,"column":4},"end":{"line":109,"column":16}},"40":{"start":{"line":111,"column":4},"end":{"line":111,"column":59}},"41":{"start":{"line":112,"column":4},"end":{"line":112,"column":14}},"42":{"start":{"line":121,"column":28},"end":{"line":131,"column":1}},"43":{"start":{"line":122,"column":2},"end":{"line":130,"column":3}},"44":{"start":{"line":123,"column":18},"end":{"line":123,"column":75}},"45":{"start":{"line":123,"column":46},"end":{"line":123,"column":74}},"46":{"start":{"line":124,"column":4},"end":{"line":124,"column":39}},"47":{"start":{"line":125,"column":4},"end":{"line":125,"column":44}},"48":{"start":{"line":126,"column":4},"end":{"line":126,"column":16}},"49":{"start":{"line":128,"column":4},"end":{"line":128,"column":62}},"50":{"start":{"line":129,"column":4},"end":{"line":129,"column":17}},"51":{"start":{"line":138,"column":27},"end":{"line":153,"column":1}},"52":{"start":{"line":139,"column":2},"end":{"line":152,"column":3}},"53":{"start":{"line":140,"column":18},"end":{"line":140,"column":51}},"54":{"start":{"line":141,"column":19},"end":{"line":141,"column":21}},"55":{"start":{"line":142,"column":4},"end":{"line":146,"column":7}},"56":{"start":{"line":143,"column":6},"end":{"line":145,"column":7}},"57":{"start":{"line":144,"column":8},"end":{"line":144,"column":40}},"58":{"start":{"line":147,"column":4},"end":{"line":147,"column":49}},"59":{"start":{"line":148,"column":4},"end":{"line":148,"column":18}},"60":{"start":{"line":150,"column":4},"end":{"line":150,"column":65}},"61":{"start":{"line":151,"column":4},"end":{"line":151,"column":14}}},"fnMap":{"0":{"name":"(anonymous_0)","decl":{"start":{"line":24,"column":27},"end":{"line":24,"column":28}},"loc":{"start":{"line":24,"column":33},"end":{"line":35,"column":1}},"line":24},"1":{"name":"(anonymous_1)","decl":{"start":{"line":26,"column":9},"end":{"line":26,"column":10}},"loc":{"start":{"line":26,"column":25},"end":{"line":34,"column":3}},"line":26},"2":{"name":"(anonymous_2)","decl":{"start":{"line":43,"column":24},"end":{"line":43,"column":25}},"loc":{"start":{"line":43,"column":46},"end":{"line":53,"column":1}},"line":43},"3":{"name":"(anonymous_3)","decl":{"start":{"line":60,"column":23},"end":{"line":60,"column":24}},"loc":{"start":{"line":60,"column":38},"end":{"line":71,"column":1}},"line":60},"4":{"name":"(anonymous_4)","decl":{"start":{"line":78,"column":26},"end":{"line":78,"column":27}},"loc":{"start":{"line":78,"column":41},"end":{"line":86,"column":1}},"line":78},"5":{"name":"(anonymous_5)","decl":{"start":{"line":92,"column":24},"end":{"line":92,"column":25}},"loc":{"start":{"line":92,"column":36},"end":{"line":100,"column":1}},"line":92},"6":{"name":"(anonymous_6)","decl":{"start":{"line":106,"column":26},"end":{"line":106,"column":27}},"loc":{"start":{"line":106,"column":38},"end":{"line":114,"column":1}},"line":106},"7":{"name":"(anonymous_7)","decl":{"start":{"line":121,"column":28},"end":{"line":121,"column":29}},"loc":{"start":{"line":121,"column":45},"end":{"line":131,"column":1}},"line":121},"8":{"name":"(anonymous_8)","decl":{"start":{"line":123,"column":28},"end":{"line":123,"column":29}},"loc":{"start":{"line":123,"column":46},"end":{"line":123,"column":74}},"line":123},"9":{"name":"(anonymous_9)","decl":{"start":{"line":138,"column":27},"end":{"line":138,"column":28}},"loc":{"start":{"line":138,"column":43},"end":{"line":153,"column":1}},"line":138},"10":{"name":"(anonymous_10)","decl":{"start":{"line":142,"column":18},"end":{"line":142,"column":19}},"loc":{"start":{"line":142,"column":36},"end":{"line":146,"column":5}},"line":142}},"branchMap":{"0":{"loc":{"start":{"line":27,"column":4},"end":{"line":32,"column":5}},"type":"if","locations":[{"start":{"line":27,"column":4},"end":{"line":32,"column":5}},{"start":{},"end":{}}],"line":27},"1":{"loc":{"start":{"line":27,"column":8},"end":{"line":27,"column":51}},"type":"binary-expr","locations":[{"start":{"line":27,"column":8},"end":{"line":27,"column":33}},{"start":{"line":27,"column":37},"end":{"line":27,"column":51}}],"line":27},"2":{"loc":{"start":{"line":28,"column":6},"end":{"line":30,"column":7}},"type":"if","locations":[{"start":{"line":28,"column":6},"end":{"line":30,"column":7}},{"start":{},"end":{}}],"line":28},"3":{"loc":{"start":{"line":63,"column":4},"end":{"line":65,"column":5}},"type":"if","locations":[{"start":{"line":63,"column":4},"end":{"line":65,"column":5}},{"start":{},"end":{}}],"line":63},"4":{"loc":{"start":{"line":143,"column":6},"end":{"line":145,"column":7}},"type":"if","locations":[{"start":{"line":143,"column":6},"end":{"line":145,"column":7}},{"start":{},"end":{}}],"line":143}},"s":{"0":6,"1":6,"2":3,"3":3,"4":5,"5":4,"6":1,"7":3,"8":4,"9":6,"10":3,"11":3,"12":3,"13":2,"14":1,"15":1,"16":6,"17":4,"18":4,"19":3,"20":2,"21":1,"22":2,"23":2,"24":6,"25":2,"26":2,"27":1,"28":1,"29":1,"30":6,"31":2,"32":2,"33":1,"34":1,"35":1,"36":6,"37":2,"38":2,"39":1,"40":1,"41":1,"42":6,"43":2,"44":2,"45":3,"46":2,"47":1,"48":1,"49":1,"50":1,"51":6,"52":3,"53":3,"54":2,"55":2,"56":3,"57":2,"58":2,"59":2,"60":1,"61":1},"f":{"0":3,"1":5,"2":3,"3":4,"4":2,"5":2,"6":2,"7":2,"8":3,"9":3,"10":3},"b":{"0":[4,1],"1":[5,4],"2":[1,3],"3":[2,1],"4":[2,1]},"_coverageSchema":"1a1c01bbd47fc00a2c39e90264f33305004495a9","hash":"4785ef6a33e2d7511ecd55641c1fb86e824900f4"}
,"D:\\Usuario\\Documents\\aplicativos\\ControleFinanceiro\\src\\store\\backupStore.js": {"path":"D:\\Usuario\\Documents\\aplicativos\\ControleFinanceiro\\src\\store\\backupStore.js","statementMap":{"0":{"start":{"line":14,"column":26},"end":{"line":14,"column":27}},"1":{"start":{"line":15,"column":27},"end":{"line":15,"column":36}},"2":{"start":{"line":17,"column":30},"end":{"line":279,"column":3}},"3":{"start":{"line":17,"column":52},"end":{"line":279,"column":1}},"4":{"start":{"line":24,"column":4},"end":{"line":37,"column":5}},"5":{"start":{"line":25,"column":23},"end":{"line":25,"column":67}},"6":{"start":{"line":27,"column":6},"end":{"line":34,"column":7}},"7":{"start":{"line":28,"column":23},"end":{"line":28,"column":43}},"8":{"start":{"line":30,"column":8},"end":{"line":33,"column":11}},"9":{"start":{"line":36,"column":6},"end":{"line":36,"column":57}},"10":{"start":{"line":41,"column":4},"end":{"line":53,"column":5}},"11":{"start":{"line":42,"column":48},"end":{"line":42,"column":53}},"12":{"start":{"line":44,"column":6},"end":{"line":50,"column":8}},"13":{"start":{"line":52,"column":6},"end":{"line":52,"column":55}},"14":{"start":{"line":57,"column":4},"end":{"line":57,"column":40}},"15":{"start":{"line":58,"column":4},"end":{"line":58,"column":31}},"16":{"start":{"line":62,"column":4},"end":{"line":62,"column":30}},"17":{"start":{"line":62,"column":23},"end":{"line":62,"column":30}},"18":{"start":{"line":64,"column":17},"end":{"line":64,"column":33}},"19":{"start":{"line":66,"column":4},"end":{"line":68,"column":5}},"20":{"start":{"line":67,"column":6},"end":{"line":67,"column":49}},"21":{"start":{"line":70,"column":4},"end":{"line":140,"column":5}},"22":{"start":{"line":71,"column":6},"end":{"line":71,"column":29}},"23":{"start":{"line":73,"column":6},"end":{"line":75,"column":7}},"24":{"start":{"line":74,"column":8},"end":{"line":74,"column":34}},"25":{"start":{"line":77,"column":26},"end":{"line":77,"column":31}},"26":{"start":{"line":79,"column":28},"end":{"line":79,"column":65}},"27":{"start":{"line":79,"column":50},"end":{"line":79,"column":64}},"28":{"start":{"line":81,"column":6},"end":{"line":87,"column":7}},"29":{"start":{"line":86,"column":8},"end":{"line":86,"column":40}},"30":{"start":{"line":89,"column":18},"end":{"line":89,"column":42}},"31":{"start":{"line":91,"column":27},"end":{"line":93,"column":7}},"32":{"start":{"line":95,"column":20},"end":{"line":95,"column":78}},"33":{"start":{"line":97,"column":22},"end":{"line":99,"column":7}},"34":{"start":{"line":101,"column":25},"end":{"line":118,"column":7}},"35":{"start":{"line":120,"column":17},"end":{"line":120,"column":57}},"36":{"start":{"line":122,"column":24},"end":{"line":125,"column":7}},"37":{"start":{"line":127,"column":6},"end":{"line":130,"column":10}},"38":{"start":{"line":127,"column":22},"en
[...]
:{}}],"line":534},"99":{"loc":{"start":{"line":535,"column":2},"end":{"line":535,"column":37}},"type":"if","locations":[{"start":{"line":535,"column":2},"end":{"line":535,"column":37}},{"start":{},"end":{}}],"line":535},"100":{"loc":{"start":{"line":547,"column":19},"end":{"line":547,"column":45}},"type":"binary-expr","locations":[{"start":{"line":547,"column":19},"end":{"line":547,"column":36}},{"start":{"line":547,"column":40},"end":{"line":547,"column":45}}],"line":547},"101":{"loc":{"start":{"line":565,"column":19},"end":{"line":565,"column":45}},"type":"binary-expr","locations":[{"start":{"line":565,"column":19},"end":{"line":565,"column":36}},{"start":{"line":565,"column":40},"end":{"line":565,"column":45}}],"line":565},"102":{"loc":{"start":{"line":569,"column":6},"end":{"line":574,"column":56}},"type":"binary-expr","locations":[{"start":{"line":569,"column":6},"end":{"line":574,"column":50}},{"start":{"line":574,"column":54},"end":{"line":574,"column":56}}],"line":569},"103":{"loc":{"start":{"line":582,"column":2},"end":{"line":582,"column":23}},"type":"if","locations":[{"start":{"line":582,"column":2},"end":{"line":582,"column":23}},{"start":{},"end":{}}],"line":582},"104":{"loc":{"start":{"line":586,"column":19},"end":{"line":586,"column":45}},"type":"binary-expr","locations":[{"start":{"line":586,"column":19},"end":{"line":586,"column":36}},{"start":{"line":586,"column":40},"end":{"line":586,"column":45}}],"line":586},"105":{"loc":{"start":{"line":592,"column":2},"end":{"line":596,"column":3}},"type":"if","locations":[{"start":{"line":592,"column":2},"end":{"line":596,"column":3}},{"start":{"line":594,"column":9},"end":{"line":596,"column":3}}],"line":592},"106":{"loc":{"start":{"line":600,"column":9},"end":{"line":600,"column":35}},"type":"cond-expr","locations":[{"start":{"line":600,"column":25},"end":{"line":600,"column":26}},{"start":{"line":600,"column":29},"end":{"line":600,"column":35}}],"line":600},"107":{"loc":{"start":{"line":605,"column":2},"end":{"line":605,"column":25}},"type":"if","locations":[{"start":{"line":605,"column":2},"end":{"line":605,"column":25}},{"start":{},"end":{}}],"line":605},"108":{"loc":{"start":{"line":606,"column":2},"end":{"line":608,"column":3}},"type":"if","locations":[{"start":{"line":606,"column":2},"end":{"line":608,"column":3}},{"start":{},"end":{}}],"line":606},"109":{"loc":{"start":{"line":609,"column":2},"end":{"line":612,"column":3}},"type":"if","locations":[{"start":{"line":609,"column":2},"end":{"line":612,"column":3}},{"start":{},"end":{}}],"line":609},"110":{"loc":{"start":{"line":609,"column":6},"end":{"line":609,"column":52}},"type":"binary-expr","locations":[{"start":{"line":609,"column":6},"end":{"line":609,"column":30}},{"start":{"line":609,"column":34},"end":{"line":609,"column":52}}],"line":609},"111":{"loc":{"start":{"line":616,"column":2},"end":{"line":616,"column":26}},"type":"if","locations":[{"start":{"line":616,"column":2},"end":{"line":616,"column":26}},{"start":{},"end":{}}],"line":616},"112":{"loc":{"start":{"line":619,"column":2},"end":{"line":619,"column":41}},"type":"if","locations":[{"start":{"line":619,"column":2},"end":{"line":619,"column":41}},{"start":{},"end":{}}],"line":619},"113":{"loc":{"start":{"line":619,"column":6},"end":{"line":619,"column":29}},"type":"binary-expr","locations":[{"start":{"line":619,"column":6},"end":{"line":619,"column":11}},{"start":{"line":619,"column":15},"end":{"line":619,"column":21}},{"start":{"line":619,"column":25},"end":{"line":619,"column":29}}],"line":619},"114":{"loc":{"start":{"line":625,"column":2},"end":{"line":625,"column":25}},"type":"if","locations":[{"start":{"line":625,"column":2},"end":{"line":625,"column":25}},{"start":{},"end":{}}],"line":625},"115":{"loc":{"start":{"line":628,"column":2},"end":{"line":628,"column":41}},"type":"if","locations":[{"start":{"line":628,"column":2},"end":{"line":628,"column":41}},{"start":{},"end":{}}],"line":628},"116":{"loc":{"start":{"line":628,"column":6},"end":{"line":628,"column":29}},"type":"binary-expr","locations":[{"start":{"line":628,"column":6},"end":{"line":628,"column":10}},{"start":{"line":628,"column":14},"end":{"line":628,"column":20}},{"start":{"line":628,"column":24},"end":{"line":628,"column":29}}],"line":628}},"s":{"0":4,"1":0,"2":0,"3":0,"4":1,"5":0,"6":1,"7":0,"8":1,"9":0,"10":0,"11":0,"12":0,"13":0,"14":0,"15":1,"16":0,"17":0,"18":0,"19":4,"20":10,"21":10,"22":4,"23":1,"24":3,"25":4,"26":0,"27":0,"28":4,"29":5,"30":1,"31":4,"32":4,"33":4,"34":1,"35":3,"36":4,"37":3,"38":1,"39":2,"40":2,"41":0,"42":2,"43":4,"44":3,"45":0,"46":3,"47":3,"48":1,"49":2,"50":2,"51":1,"52":1,"53":4,"54":4,"55":4,"56":1,"57":0,"58":1,"59":0,"60":1,"61":3,"62":1,"63":2,"64":0,"65":2,"66":4,"67":3,"68":0,"69":3,"70":3,"71":1,"72":1,"73":0,"74":1,"75":2,"76":2,"77":1,"78":1,"79":4,"80":0,"81":0,"82":0,"83":4,"84":3,"85":0,"86":3,"87":3,"88":3,"89":3,"90":3,"91":1,"92":4,"93":1,"94":3,"95":1,"96":3,"97":1,"98":1,"99":4,"100":8,"101":1,"102":7,"103":7,"104":7,"105":7,"106":7,"107":7,"108":0,"109":4,"110":2,"111":1,"112":1,"113":1,"114":0,"115":1,"116":1,"117":4,"118":1,"119":0,"120":1,"121":1,"122":0,"123":1,"124":1,"125":4,"126":1,"127":0,"128":1,"129":1,"130":0,"131":1,"132":1,"133":4,"134":1,"135":0,"136":1,"137":1,"138":1,"139":1,"140":0,"141":4,"142":1,"143":0,"144":1,"145":1,"146":0,"147":1,"148":1,"149":4,"150":1,"151":0,"152":1,"153":1,"154":0,"155":1,"156":1,"157":4,"158":1,"159":0,"160":1,"161":1,"162":0,"163":1,"164":1,"165":4,"166":2,"167":0,"168":2,"169":2,"170":4,"171":4,"172":0,"173":4,"174":4,"175":1,"176":3,"177":1,"178":2,"179":1,"180":1,"181":4,"182":2,"183":0,"184":2,"185":1,"186":1,"187":4,"188":6,"189":2,"190":4,"191":4,"192":1,"193":0,"194":1,"195":3,"196":4,"197":2,"198":0,"199":2,"200":2,"201":0,"202":2,"203":1,"204":1,"205":4,"206":2,"207":0,"208":2,"209":2,"210":1,"211":1,"212":1,"213":0,"214":4,"215":1,"216":0,"217":1,"218":1,"219":1,"220":0,"221":4,"222":7,"223":1,"224":6,"225":6,"226":0,"227":6,"228":6,"229":6,"230":6,"231":6,"232":6,"233":6,"234":6,"235":6,"236":6,"237":6,"238":2,"239":4,"240":0,"241":4,"242":0,"243":4,"244":0,"245":4,"246":1,"247":3,"248":0,"249":3,"250":1,"251":2,"252":1,"253":1,"254":0,"255":1,"256":0,"257":1,"258":0,"259":1,"260":4,"261":1,"262":1,"263":1,"264":1,"265":1,"266":1,"267":4,"268":1,"269":1,"270":1,"271":1,"272":1,"273":1,"274":0,"275":4,"276":3,"277":1,"278":2,"279":2,"280":2,"281":2,"282":2,"283":2,"284":0,"285":2,"286":2,"287":4,"288":14,"289":0,"290":14,"291":6,"292":8,"293":7,"294":7,"295":1,"296":4,"297":1,"298":0,"299":1,"300":1,"301":0,"302":1,"303":4,"304":1,"305":0,"306":1,"307":1,"308":0,"309":1},"f":{"0":0,"1":0,"2":0,"3":1,"4":0,"5":1,"6":0,"7":1,"8":0,"9":0,"10":0,"11":0,"12":0,"13":0,"14":1,"15":0,"16":0,"17":0,"18":10,"19":1,"20":3,"21":0,"22":5,"23":3,"24":3,"25":4,"26":3,"27":0,"28":3,"29":1,"30":3,"31":3,"32":1,"33":8,"34":2,"35":1,"36":1,"37":1,"38":1,"39":1,"40":1,"41":2,"42":4,"43":2,"44":6,"45":1,"46":3,"47":2,"48":2,"49":1,"50":7,"51":1,"52":1,"53":1,"54":3,"55":14,"56":1,"57":1},"b":{"0":[10,0],"1":[3,0],"2":[1,4],"3":[1,3],"4":[4,3,3],"5":[1,2],"6":[1,1],"7":[0,2],"8":[2],"9":[0,3],"10":[1,2],"11":[1,1],"12":[2],"13":[1,3],"14":[0,1],"15":[0,1],"16":[1,2],"17":[0,2],"18":[2],"19":[0,3],"20":[1,2],"21":[0,1],"22":[1,1],"23":[0],"24":[0,0],"25":[0],"26":[1],"27":[0,3],"28":[3,3],"29":[3,0],"30":[0,0],"31":[3,0,0],"32":[1,7],"33":[8,7],"34":[7,0],"35":[7,0],"36":[7,0],"37":[0,0],"38":[1,1],"39":[0,1],"40":[0,1],"41":[0,1],"42":[1,1],"43":[0,1],"44":[0,1],"45":[1,1],"46":[0,1],"47":[1,0],"48":[1,0],"49":[0,1],"50":[0,1],"51":[1,1],"52":[0,1],"53":[0,1],"54":[1,1],"55":[0,1],"56":[0,1],"57":[1,1],"58":[2],"59":[0,2],"60":[2,2],"61":[2,0],"62":[0,0],"63":[0,4],"64":[4,4],"65":[4,0],"66":[0,0],"67":[1,3],"68":[1,2],"69":[1,1],"70":[0],"71":[0,2],"72":[1,1],"73":[2,4],"74":[0,1],"75":[0,2],"76":[0,2],"77":[1,1],"78":[0,2],"79":[1,1],"80":[1,0],"81":[0,1],"82":[1,0],"83":[1,6],"84":[0,6],"85":[6,6],"86":[6,0],"87":[4,2],"88":[1,1],"89":[2,4],"90":[0,4],"91":[0,4],"92":[0,4],"93":[1,3],"94":[0,3],"95":[1,2],"96":[1,1],"97":[0,1],"98":[0,1],"99":[0,1],"100":[1,0],"101":[1,0],"102":[1,0],"103":[1,2],"104":[2,0],"105":[2,0],"106":[0,2],"107":[0,14],"108":[6,8],"109":[7,1],"110":[8,8],"111":[0,1],"112":[0,1],"113":[1,1,1],"114":[0,1],"115":[0,1],"116":[1,1,1]},"_coverageSchema":"1a1c01bbd47fc00a2c39e90264f33305004495a9","hash":"0a4e62493cf2b89c892c3cf185bb978771649fad"}
,"D:\\Usuario\\Documents\\aplicativos\\ControleFinanceiro\\src\\utils\\helpers\\titheCalculator.js": {"path":"D:\\Usuario\\Documents\\aplicativos\\ControleFinanceiro\\src\\utils\\helpers\\titheCalculator.js","statementMap":{"0":{"start":{"line":11,"column":30},"end":{"line":14,"column":1}},"1":{"start":{"line":12,"column":2},"end":{"line":12,"column":39}},"2":{"start":{"line":12,"column":30},"end":{"line":12,"column":39}},"3":{"start":{"line":13,"column":2},"end":{"line":13,"column":22}},"4":{"start":{"line":21,"column":35},"end":{"line":26,"column":1}},"5":{"start":{"line":22,"column":2},"end":{"line":22,"column":49}},"6":{"start":{"line":22,"column":40},"end":{"line":22,"column":49}},"7":{"start":{"line":24,"column":22},"end":{"line":24,"column":90}},"8":{"start":{"line":24,"column":54},"end":{"line":24,"column":86}},"9":{"start":{"line":25,"column":2},"end":{"line":25,"column":37}},"10":{"start":{"line":34,"column":35},"end":{"line":37,"column":1}},"11":{"start":{"line":35,"column":2},"end":{"line":35,"column":54}},"12":{"start":{"line":35,"column":45},"end":{"line":35,"column":54}},"13":{"start":{"line":36,"column":2},"end":{"line":36,"column":37}},"14":{"start":{"line":45,"column":32},"end":{"line":69,"column":1}},"15":{"start":{"line":46,"column":2},"end":{"line":53,"column":3}},"16":{"start":{"line":47,"column":4},"end":{"line":52,"column":6}},"17":{"start":{"line":56,"column":20},"end":{"line":58,"column":63}},"18":{"start":{"line":57,"column":21},"end":{"line":57,"column":75}},"19":{"start":{"line":58,"column":28},"end":{"line":58,"column":59}},"20":{"start":{"line":60,"column":20},"end":{"line":60,"column":45}},"21":{"start":{"line":61,"column":21},"end":{"line":61,"column":78}},"22":{"start":{"line":63,"column":2},"end":{"line":68,"column":4}},"23":{"start":{"line":76,"column":35},"end":{"line":90,"column":1}},"24":{"start":{"line":77,"column":2},"end":{"line":83,"column":3}},"25":{"start":{"line":78,"column":4},"end":{"line":82,"column":6}},"26":{"start":{"line":85,"column":2},"end":{"line":89,"column":4}},"27":{"start":{"line":97,"column":31},"end":{"line":130,"column":1}},"28":{"start":{"line":98,"column":2},"end":{"line":105,"column":3}},"29":{"start":{"line":99,"column":4},"end":{"line":104,"column":6}},"30":{"start":{"line":107,"column":17},"end":{"line":109,"column":3}},"31":{"start":{"line":108,"column":13},"end":{"line":108,"column":67}},"32":{"start":{"line":111,"column":16},"end":{"line":111,"column":81}},"33":{"start":{"line":111,"column":46},"end":{"line":111,"column":77}},"34":{"start":{"line":112,"column":16},"end":{"line":112,"column":29}},"35":{"start":{"line":113,"column":18},"end":{"line":113,"column":47}},"36":{"start":{"line":116,"column":23},"end":{"line":120,"column":4}},"37":{"start":{"line":117,"column":18},"end":{"line":117,"column":49}},"38":{"start":{"line":118,"column":18},"end":{"line":118,"column":49}},"39":{"start":{"line":119,"column":4},"end":{"line":119,"column":25}},"40":{"start":{"line":122,"column":22},"end":{"line":122,"column":70}},"41":{"start":{"line":124,"column":2},"end":{"line":129,"column":4}}},"fnMap":{"0":{"name":"(anonymous_0)","decl":{"start":{"line":11,"column":30},"end":{"line":11,"column":31}},"loc":{"start":{"line":11,"column":40},"end":{"line":14,"column":1}},"line":11},"1":{"name":"(anonymous_1)","decl":{"start":{"line":21,"column":35},"end":{"line":21,"column":36}},"loc":{"start":{"line":21,"column":46},"end":{"line":26,"column":1}},"line":21},"2":{"name":"(anonymous_2)","decl":{"start":{"line":24,"column":37},"end":{"line":24,"column":38}},"loc":{"start":{"line":24,"column":54},"end":{"line":24,"column":86}},"line":24},"3":{"name":"(anonymous_3)","decl":{"start":{"line":34,"column":35},"end":{"line":34,"column":36}},"loc":{"start":{"line":34,"column":59},"end":{"line":37,"column":1}},"line":34},"4":{"name":"(anonymous_4)","decl":{"start":{"line":45,"column":32},"end":{"line":45,"column":33}},"loc":{"start":{"line":45,"column":59},"end":{"line":69,"column":1}},"line":45},"5":{"name":"(anonymous_5)","decl":{"start":{"line":57,"column":12},"end":{"line":57,"column":13}},"loc":{"start":{"line":57,"column":21},"end":{"line":57,"column":75}},"line":57},"6":{"name":"(anonymous_6)","decl":{"start":{"line":58,"column":12},"end":{"line":58,"column":13}},"loc":{"start":{"line":58,"column":28},"end":{"line":58,"column":59}},"line":58},"7":{"name":"(anonymous_7)","decl":{"start":{"line":76,"column":35},"end":{"line":76,"column":36}},"loc":{"start":{"line":76,"column":45},"end":{"line":90,"column":1}},"line":76},"8":{"name":"(anonymous_8)","decl":{"start":{"line":97,"column":31},"end":{"line":97,"column":32}},"loc":{"start":{"line":97,"column":41},"end":{"line":130,"column":1}},"line":97},"9":{"name":"(anonymous_9)","decl":{"start":{"line":108,"column":4},"end":{"line":108,"column":5}},"loc":{"start":{"line":108,"column":13},"end":{"line":108,"column":67}},"line":108},"10":{"name":"(anonymous_10)","decl":{"start":{"line":111,"column":30},"end":{"line":111,"column":31}},"loc":{"start":{"line":111,"column":46},"end":{"line":111,"column":77}},"line":111},"11":{"name":"(anonymous_11)","decl":{"start":{"line":116,"column":40},"end":{"line":116,"column":41}},"loc":{"start":{"line":116,"column":50},"end":{"line":120,"column":3}},"line":116}},"branchMap":{"0":{"loc":{"start":{"line":12,"column":2},"end":{"line":12,"column":39}},"type":"if","locations":[{"start":{"line":12,"column":2},"end":{"line":12,"column":39}},{"start":{},"end":{}}],"line":12},"1":{"loc":{"start":{"line":12,"column":6},"end":{"line":12,"column":28}},"type":"binary-expr","locations":[{"start":{"line":12,"column":6},"end":{"line":12,"column":13}},{"start":{"line":12,"column":17},"end":{"line":12,"column":28}}],"line":12},"2":{"loc":{"start":{"line":22,"column":2},"end":{"line":22,"column":49}},"type":"if","locations":[{"start":{"line":22,"column":2},"end":{"line":22,"column":49}},{"start":{},"end":{}}],"line":22},"3":{"loc":{"start":{"line":22,"column":6},"end":{"line":22,"column":38}},"type":"binary-expr","locations":[{"start":{"line":22,"column":6},"end":{"line":22,"column":14}},{"start":{"line":22,"column":18},"end":{"line":22,"column":38}}],"line":22},"4":{"loc":{"start":{"line":24,"column":67},"end":{"line":24,"column":85}},"type":"binary-expr","locations":[{"start":{"line":24,"column":67},"end":{"line":24,"column":80}},{"start":{"line":24,"column":84},"end":{"line":24,"column":85}}],"line":24},"5":{"loc":{"start":{"line":35,"column":2},"end":{"line":35,"column":54}},"type":"if","locations":[{"start":{"line":35,"column":2},"end":{"line":35,"column":54}},{"start":{},"end":{}}],"line":35},"6":{"loc":{"start":{"line":35,"column":6},"end":{"line":35,"column":43}},"type":"binary-expr","locations":[{"start":{"line":35,"column":6},"end":{"line":35,"column":13}},{"start":{"line":35,"column":17},"end":{"line":35,"column":28}},{"start":{"line":35,"column":32},"end":{"line":35,"column":43}}],"line":35},"7":{"loc":{"start":{"line":46,"column":2},"end":{"line":53,"column":3}},"type":"if","locations":[{"start":{"line":46,"column":2},"end":{"line":53,"column":3}},{"start":{},"end":{}}],"line":46},"8":{"loc":{"start":{"line":46,"column":6},"end":{"line":46,"column":36}},"type":"binary-expr","locations":[{"start":{"line":46,"column":6},"end":{"line":46,"column":13}},{"start":{"line":46,"column":17},"end":{"line":46,"column":36}}],"line":46},"9":{"loc":{"start":{"line":57,"column":21},"end":{"line":57,"column":75}},"type":"binary-expr","locations":[{"start":{"line":57,"column":21},"end":{"line":57,"column":48}},{"start":{"line":57,"column":52},"end":{"line":57,"column":75}}],"line":57},"10":{"loc":{"start":{"line":58,"column":41},"end":{"line":58,"column":58}},"type":"binary-expr","locations":[{"start":{"line":58,"column":41},"end":{"line":58,"column":53}},{"start":{"line":58,"column":57},"end":{"line":58,"column":58}}],"line":58},"11":{"loc":{"start":{"line":61,"column":21},"end":{"line":61,"column":78}},"type":"cond-expr","locations":[{"start":{"line":61,"column":41},"end":{"line":61,"column":74}},{"start":{"line":61,"column":77},"end":{"line":61,"column":78}}],"line":61},"12":{"loc":{"start":{"line":66,"column":15},"end":{"line":66,"column":44}},"type":"cond-expr","locations":[{"start":{"line":66,"column":31},"end":{"line":66,"column":40}},{"start":{"line":66,"column":43},"end":{"line":66,"column":44}}],"line":66},"13":{"loc":{"start":{"line":77,"column":2},"end":{"line":83,"column":3}},"type":"if","locations":[{"start":{"line":77,"column":2},"end":{"line":83,"column":3}},{"start":{},"end":{}}],"line":77},"14":{"loc":{"start":{"line":77,"column":6},"end":{"line":77,"column":28}},"type":"binary-expr","locations":[{"start":{"line":77,"column":6},"end":{"line":77,"column":13}},{"start":{"line":77,"column":17},"end":{"line":77,"column":28}}],"line":77},"15":{"loc":{"start":{"line":98,"column":2},"end":{"line":105,"column":3}},"type":"if","locations":[{"start":{"line":98,"column":2},"end":{"line":105,"column":3}},{"start":{},"end":{}}],"line":98},"16":{"loc":{"start":{"line":98,"column":6},"end":{"line":98,"column":36}},"type":"binary-expr","locations":[{"start":{"line":98,"column":6},"end":{"line":98,"column":13}},{"start":{"line":98,"column":17},"end":{"line":98,"column":36}}],"line":98},"17":{"loc":{"start":{"line":108,"column":13},"end":{"line":108,"column":67}},"type":"binary-expr","locations":[{"start":{"line":108,"column":13},"end":{"line":108,"column":40}},{"start":{"line":108,"column":44},"end":{"line":108,"column":67}}],"line":108},"18":{"loc":{"start":{"line":111,"column":59},"end":{"line":111,"column":76}},"type":"binary-expr","locations":[{"start":{"line":111,"column":59},"end":{"line":111,"column":71}},{"start":{"line":111,"column":75},"end":{"line":111,"column":76}}],"line":111},"19":{"loc":{"start":{"line":113,"column":18},"end":{"line":113,"column":47}},"type":"cond-expr","locations":[{"start":{"line":113,"column":30},"end":{"line":113,"column":43}},{"start":{"line":113,"column":46},"end":{"line":113,"column":47}}],"line":113},"20":{"loc":{"start":{"line":117,"column":27},"end":{"line":117,"column":48}},"type":"binary-expr","locations":[{"start":{"line":117,"column":27},"end":{"line":117,"column":33}},{"start":{"line":117,"column":37},"end":{"line":117,"column":48}}],"line":117},"21":{"loc":{"start":{"line":118,"column":27},"end":{"line":118,"column":48}},"type":"binary-expr","locations":[{"start":{"line":118,"column":27},"end":{"line":118,"column":33}},{"start":{"line":118,"column":37},"end":{"line":118,"column":48}}],"line":118},"22":{"loc":{"start":{"line":122,"column":22},"end":{"line":122,"column":70}},"type":"cond-expr","locations":[{"start":{"line":122,"column":48},"end":{"line":122,"column":63}},{"start":{"line":122,"column":66},"end":{"line":122,"column":70}}],"line":122}},"s":{"0":3,"1":6,"2":3,"3":3,"4":3,"5":3,"6":1,"7":2,"8":5,"9":2,"10":3,"11":6,"12":2,"13":4,"14":3,"15":4,"16":1,"17":3,"18":5,"19":4,"20":3,"21":3,"22":3,"23":3,"24":2,"25":1,"26":1,"27":3,"28":3,"29":1,"30":2,"31":4,"32":2,"33":2,"34":2,"35":2,"36":2,"37":1,"38":1,"39":1,"40":2,"41":2},"f":{"0":6,"1":3,"2":5,"3":6,"4":4,"5":5,"6":4,"7":2,"8":3,"9":4,"10":2,"11":1},"b":{"0":[3,3],"1":[6,4],"2":[1,2],"3":[3,3],"4":[5,2],"5":[2,4],"6":[6,5,5],"7":[1,3],"8":[4,4],"9":[5,2],"10":[4,0],"11":[3,0],"12":[1,2],"13":[1,1],"14":[2,1],"15":[1,2],"16":[3,3],"17":[4,3],"18":[2,0],"19":[1,1],"20":[1,0],"21":[1,0],"22":[1,1]},"_coverageSchema":"1a1c01bbd47fc00a2c39e90264f33305004495a9","hash":"35dc75c68c11f7634f7c6ca0e0e387155bf61744"}
}
