TN:
SF:src\assets\icons\logo.png
FNF:0
FNH:0
DA:1,1
LF:1
LH:1
BRF:0
BRH:0
end_of_record
TN:
SF:src\components\ui\Button.js
FN:10,(anonymous_0)
FN:24,(anonymous_1)
FN:26,(anonymous_2)
FN:76,(anonymous_3)
FN:147,(anonymous_4)
FNF:5
FNH:5
FNDA:31,(anonymous_0)
FNDA:17,(anonymous_1)
FNDA:31,(anonymous_2)
FNDA:31,(anonymous_3)
FNDA:17,(anonymous_4)
DA:10,2
DA:23,31
DA:24,31
DA:26,31
DA:27,31
DA:28,2
DA:34,29
DA:36,27
DA:41,0
DA:46,1
DA:51,0
DA:56,0
DA:61,1
DA:68,0
DA:76,31
DA:77,31
DA:79,1
DA:85,1
DA:92,29
DA:100,31
DA:101,31
DA:103,31
DA:147,2
DA:148,17
LF:24
LH:20
BRDA:13,0,0,29
BRDA:14,1,0,29
BRDA:15,2,0,25
BRDA:16,3,0,11
BRDA:18,4,0,30
BRDA:27,5,0,2
BRDA:27,5,1,29
BRDA:34,6,0,27
BRDA:34,6,1,0
BRDA:34,6,2,1
BRDA:34,6,3,0
BRDA:34,6,4,0
BRDA:34,6,5,1
BRDA:34,6,6,0
BRDA:77,7,0,1
BRDA:77,7,1,1
BRDA:77,7,2,29
BRDA:77,7,3,29
BRDA:107,8,0,31
BRDA:107,8,1,29
BRDA:115,9,0,31
BRDA:115,9,1,30
BRDA:118,10,0,31
BRDA:118,10,1,1
BRDA:119,11,0,31
BRDA:119,11,1,2
BRDA:123,12,0,2
BRDA:123,12,1,29
BRDA:127,13,0,29
BRDA:127,13,1,1
BRF:30
BRH:26
end_of_record
TN:
SF:src\components\ui\Input.js
FN:18,(anonymous_0)
FN:35,(anonymous_1)
FN:37,(anonymous_2)
FN:47,(anonymous_3)
FN:53,(anonymous_4)
FN:96,(anonymous_5)
FN:96,(anonymous_6)
FN:113,(anonymous_7)
FNF:8
FNH:8
FNDA:73,(anonymous_0)
FNDA:23,(anonymous_1)
FNDA:201,(anonymous_2)
FNDA:30,(anonymous_3)
FNDA:12,(anonymous_4)
FNDA:1,(anonymous_5)
FNDA:1,(anonymous_6)
FNDA:23,(anonymous_7)
DA:18,2
DA:34,73
DA:35,73
DA:37,201
DA:39,73
DA:40,73
DA:42,73
DA:43,73
DA:47,73
DA:48,30
DA:49,1
DA:53,73
DA:54,12
DA:55,1
DA:56,1
DA:58,1
DA:60,1
DA:61,1
DA:64,11
DA:67,73
DA:96,1
DA:113,2
DA:114,23
LF:23
LH:23
BRDA:29,0,0,70
BRDA:48,1,0,1
BRDA:48,1,1,29
BRDA:54,2,0,1
BRDA:54,2,1,11
BRDA:69,3,0,73
BRDA:69,3,1,65
BRDA:76,4,0,3
BRDA:76,4,1,70
BRDA:80,5,0,73
BRDA:80,5,1,64
BRDA:84,6,0,3
BRDA:84,6,1,70
BRDA:88,7,0,73
BRDA:88,7,1,35
BRDA:89,8,0,3
BRDA:89,8,1,70
BRDA:93,9,0,73
BRDA:93,9,1,35
BRDA:100,10,0,1
BRDA:100,10,1,34
BRDA:108,11,0,73
BRDA:108,11,1,3
BRDA:138,12,0,23
BRDA:138,12,1,23
BRF:25
BRH:25
end_of_record
TN:
SF:src\components\ui\index.js
FNF:0
FNH:0
LF:0
LH:0
BRF:0
BRH:0
end_of_record
TN:
SF:src\context\ThemeContext.js
FN:21,(anonymous_0)
FN:22,(anonymous_1)
FN:41,(anonymous_2)
FN:370,(anonymous_3)
FNF:4
FNH:4
FNDA:4,(anonymous_0)
FNDA:12,(anonymous_1)
FNDA:4,(anonymous_2)
FNDA:101,(anonymous_3)
DA:15,1
DA:21,1
DA:22,12
DA:24,4
DA:33,4
DA:40,4
DA:41,4
DA:361,4
DA:370,1
DA:371,101
DA:373,101
DA:374,0
DA:377,101
LF:13
LH:12
BRDA:33,0,0,4
BRDA:33,0,1,0
BRDA:44,1,0,4
BRDA:44,1,1,0
BRDA:373,2,0,0
BRDA:373,2,1,101
BRF:6
BRH:3
end_of_record
TN:
SF:src\i18n\index.js
FN:4,(anonymous_0)
FN:20,(anonymous_1)
FNF:2
FNH:2
FNDA:315,(anonymous_0)
FNDA:2,(anonymous_1)
DA:4,4
DA:5,315
DA:7,315
DA:8,315
DA:10,315
DA:11,698
DA:12,698
DA:15,315
DA:16,3
DA:20,312
DA:21,2
DA:22,2
LF:12
LH:12
BRDA:4,0,0,313
BRDA:5,1,0,315
BRDA:5,1,1,1
BRDA:12,2,0,3
BRDA:12,2,1,695
BRDA:15,3,0,3
BRDA:15,3,1,312
BRDA:16,4,0,3
BRDA:16,4,1,3
BRDA:22,5,0,1
BRDA:22,5,1,1
BRF:11
BRH:11
end_of_record
TN:
SF:src\i18n\translations.js
FNF:0
FNH:0
DA:3,3
LF:1
LH:1
BRF:0
BRH:0
end_of_record
TN:
SF:src\screens\auth\LoginScreen.js
FN:23,(anonymous_0)
FN:25,(anonymous_1)
FN:32,(anonymous_2)
FN:33,(anonymous_3)
FN:37,(anonymous_4)
FN:43,(anonymous_5)
FN:69,(anonymous_6)
FN:159,(anonymous_7)
FN:186,(anonymous_8)
FN:196,(anonymous_9)
FNF:10
FNH:8
FNDA:5,(anonymous_0)
FNDA:1,(anonymous_1)
FNDA:5,(anonymous_2)
FNDA:5,(anonymous_3)
FNDA:1,(anonymous_4)
FNDA:1,(anonymous_5)
FNDA:1,(anonymous_6)
FNDA:0,(anonymous_7)
FNDA:0,(anonymous_8)
FNDA:1,(anonymous_9)
DA:23,1
DA:24,5
DA:25,5
DA:26,5
DA:27,5
DA:28,5
DA:29,5
DA:32,5
DA:33,5
DA:34,5
DA:37,5
DA:38,1
DA:39,1
DA:43,5
DA:44,1
DA:46,1
DA:47,1
DA:49,1
DA:50,0
DA:51,0
DA:52,1
DA:53,0
DA:54,0
DA:57,1
DA:58,0
DA:59,0
DA:60,1
DA:61,0
DA:62,0
DA:65,1
DA:69,5
DA:71,1
DA:72,0
DA:74,1
DA:75,1
DA:77,1
DA:78,0
DA:85,1
DA:86,1
DA:92,0
DA:93,0
DA:100,5
DA:159,0
DA:186,0
DA:196,1
DA:197,1
LF:46
LH:32
BRDA:49,0,0,0
BRDA:49,0,1,1
BRDA:52,1,0,0
BRDA:52,1,1,1
BRDA:57,2,0,0
BRDA:57,2,1,1
BRDA:60,3,0,0
BRDA:60,3,1,1
BRDA:71,4,0,0
BRDA:71,4,1,1
BRDA:77,5,0,0
BRDA:77,5,1,1
BRDA:85,6,0,1
BRDA:85,6,1,0
BRDA:88,7,0,1
BRDA:88,7,1,0
BRDA:92,8,0,0
BRDA:92,8,1,0
BRDA:102,9,0,5
BRDA:102,9,1,0
BRDA:166,10,0,1
BRDA:166,10,1,4
BRDA:224,11,0,1
BRDA:224,11,1,0
BRF:24
BRH:12
end_of_record
TN:
SF:src\screens\auth\RegisterScreen.js
FN:24,(anonymous_0)
FN:26,(anonymous_1)
FN:39,(anonymous_2)
FN:40,(anonymous_3)
FN:44,(anonymous_4)
FN:50,(anonymous_5)
FN:140,(anonymous_6)
FN:257,(anonymous_7)
FN:267,(anonymous_8)
FNF:9
FNH:8
FNDA:14,(anonymous_0)
FNDA:3,(anonymous_1)
FNDA:14,(anonymous_2)
FNDA:14,(anonymous_3)
FNDA:2,(anonymous_4)
FNDA:3,(anonymous_5)
FNDA:3,(anonymous_6)
FNDA:0,(anonymous_7)
FNDA:3,(anonymous_8)
DA:24,1
DA:25,14
DA:26,14
DA:28,14
DA:29,14
DA:30,14
DA:31,14
DA:33,14
DA:34,14
DA:35,14
DA:36,14
DA:39,14
DA:40,14
DA:41,14
DA:44,14
DA:45,2
DA:46,2
DA:50,14
DA:51,3
DA:52,3
DA:53,3
DA:54,3
DA:55,3
DA:57,3
DA:58,1
DA:59,1
DA:62,2
DA:64,2
DA:65,1
DA:66,1
DA:69,2
DA:70,0
DA:71,0
DA:74,2
DA:75,1
DA:76,1
DA:79,2
DA:140,14
DA:141,3
DA:142,3
DA:145,0
DA:147,0
DA:148,0
DA:150,0
DA:151,0
DA:158,14
DA:257,0
DA:267,1
DA:268,3
LF:49
LH:41
BRDA:57,0,0,1
BRDA:57,0,1,2
BRDA:57,1,0,3
BRDA:57,1,1,2
BRDA:57,1,2,2
BRDA:57,1,3,2
BRDA:64,2,0,1
BRDA:64,2,1,1
BRDA:69,3,0,0
BRDA:69,3,1,2
BRDA:74,4,0,1
BRDA:74,4,1,1
BRDA:141,5,0,3
BRDA:141,5,1,0
BRDA:147,6,0,0
BRDA:147,6,1,0
BRDA:150,7,0,0
BRDA:150,7,1,0
BRDA:153,8,0,0
BRDA:153,8,1,0
BRDA:160,9,0,14
BRDA:160,9,1,0
BRDA:242,10,0,1
BRDA:242,10,1,13
BRF:24
BRH:15
end_of_record
TN:
SF:src\services\firebase\config.js
FNF:0
FNH:0
DA:13,3
DA:23,3
DA:24,0
DA:25,0
DA:26,0
DA:30,3
DA:31,3
DA:34,3
DA:36,3
DA:39,3
LF:10
LH:7
BRDA:23,0,0,0
BRDA:23,0,1,3
BRF:2
BRH:1
end_of_record
TN:
SF:src\services\firebase\firestore.js
FN:29,(anonymous_0)
FN:53,(anonymous_1)
FN:79,(anonymous_2)
FN:94,(anonymous_3)
FN:117,(anonymous_4)
FN:139,(anonymous_5)
FN:166,(anonymous_6)
FN:186,(anonymous_7)
FN:191,(anonymous_8)
FN:198,(anonymous_9)
FN:213,(anonymous_10)
FN:224,(anonymous_11)
FN:235,(anonymous_12)
FN:236,(anonymous_13)
FN:242,(anonymous_14)
FN:255,(anonymous_15)
FNF:16
FNH:12
FNDA:57,(anonymous_0)
FNDA:2,(anonymous_1)
FNDA:10,(anonymous_2)
FNDA:0,(anonymous_3)
FNDA:6,(anonymous_4)
FNDA:6,(anonymous_5)
FNDA:4,(anonymous_6)
FNDA:1,(anonymous_7)
FNDA:1,(anonymous_8)
FNDA:0,(anonymous_9)
FNDA:1,(anonymous_10)
FNDA:0,(anonymous_11)
FNDA:1,(anonymous_12)
FNDA:1,(anonymous_13)
FNDA:0,(anonymous_14)
FNDA:1,(anonymous_15)
DA:29,4
DA:30,57
DA:31,57
DA:37,57
DA:39,56
DA:40,56
DA:42,1
DA:43,1
DA:53,4
DA:54,2
DA:55,2
DA:56,2
DA:58,2
DA:59,1
DA:60,1
DA:62,1
DA:63,1
DA:66,0
DA:67,0
DA:79,4
DA:85,10
DA:86,10
DA:87,10
DA:89,10
DA:92,10
DA:93,8
DA:94,0
DA:95,0
DA:98,8
DA:103,10
DA:104,4
DA:108,10
DA:109,1
DA:112,10
DA:113,8
DA:116,10
DA:117,9
DA:122,9
DA:125,9
DA:127,1
DA:128,1
DA:139,4
DA:140,6
DA:141,6
DA:142,6
DA:147,6
DA:149,5
DA:150,5
DA:152,1
DA:156,1
DA:166,4
DA:167,4
DA:168,4
DA:169,4
DA:171,3
DA:172,3
DA:174,1
DA:175,1
DA:186,4
DA:187,1
DA:189,1
DA:192,1
DA:193,1
DA:195,0
DA:199,0
DA:203,1
DA:213,4
DA:218,1
DA:219,1
DA:221,1
DA:222,0
DA:223,0
DA:224,0
DA:225,0
DA:228,0
DA:230,0
DA:233,1
DA:236,1
DA:240,1
DA:243,0
DA:247,1
DA:255,4
DA:256,1
DA:257,1
DA:260,1
DA:267,1
DA:274,1
DA:281,1
DA:287,1
DA:288,1
DA:290,0
DA:291,0
LF:92
LH:77
BRDA:58,0,0,1
BRDA:58,0,1,1
BRDA:81,1,0,2
BRDA:82,2,0,6
BRDA:83,3,0,9
BRDA:92,4,0,8
BRDA:92,4,1,2
BRDA:93,5,0,0
BRDA:93,5,1,8
BRDA:103,6,0,4
BRDA:103,6,1,6
BRDA:104,7,0,4
BRDA:104,7,1,0
BRDA:108,8,0,1
BRDA:108,8,1,9
BRDA:112,9,0,8
BRDA:112,9,1,2
BRDA:192,10,0,1
BRDA:192,10,1,0
BRDA:216,11,0,1
BRDA:221,12,0,0
BRDA:221,12,1,1
BRDA:223,13,0,0
BRDA:223,13,1,0
BRF:24
BRH:18
end_of_record
TN:
SF:src\services\notifications\notificationService.js
FN:5,(anonymous_0)
FN:22,(anonymous_1)
FN:82,(anonymous_2)
FN:98,(anonymous_3)
FN:140,(anonymous_4)
FN:162,(anonymous_5)
FN:193,(anonymous_6)
FN:227,(anonymous_7)
FN:277,(anonymous_8)
FN:308,(anonymous_9)
FN:342,(anonymous_10)
FN:377,(anonymous_11)
FNF:12
FNH:11
FNDA:0,(anonymous_0)
FNDA:3,(anonymous_1)
FNDA:4,(anonymous_2)
FNDA:2,(anonymous_3)
FNDA:15,(anonymous_4)
FNDA:2,(anonymous_5)
FNDA:2,(anonymous_6)
FNDA:3,(anonymous_7)
FNDA:2,(anonymous_8)
FNDA:6,(anonymous_9)
FNDA:3,(anonymous_10)
FNDA:3,(anonymous_11)
DA:4,6
DA:5,0
DA:14,6
DA:16,6
DA:23,3
DA:25,3
DA:27,3
DA:29,2
DA:31,2
DA:32,1
DA:34,1
DA:37,2
DA:38,1
DA:39,1
DA:42,1
DA:43,1
DA:51,1
DA:59,1
DA:67,1
DA:70,1
DA:72,1
DA:74,1
DA:83,4
DA:84,4
DA:86,3
DA:88,3
DA:90,1
DA:99,2
DA:100,2
DA:102,2
DA:103,1
DA:104,1
DA:108,1
DA:110,1
DA:111,1
DA:114,1
DA:115,1
DA:118,1
DA:119,1
DA:122,1
DA:123,1
DA:130,1
DA:132,0
DA:141,15
DA:142,15
DA:154,2
DA:163,2
DA:164,2
DA:166,2
DA:181,2
DA:183,2
DA:185,0
DA:194,2
DA:195,2
DA:197,2
DA:212,2
DA:214,2
DA:216,0
DA:228,3
DA:229,3
DA:231,3
DA:234,3
DA:235,1
DA:245,2
DA:254,3
DA:265,3
DA:267,3
DA:269,0
DA:278,2
DA:279,2
DA:281,2
DA:296,2
DA:298,2
DA:300,0
DA:309,6
DA:310,6
DA:312,6
DA:313,3
DA:323,6
DA:324,3
DA:334,0
DA:343,3
DA:344,3
DA:346,3
DA:348,3
DA:349,1
DA:350,1
DA:351,2
DA:352,1
DA:353,1
DA:358,3
DA:369,0
DA:378,3
DA:379,3
DA:380,3
DA:383,3
DA:384,1
DA:385,1
DA:389,3
DA:390,1
DA:391,1
DA:394,3
DA:405,0
LF:103
LH:94
BRDA:23,0,0,0
BRDA:23,0,1,3
BRDA:31,1,0,1
BRDA:31,1,1,1
BRDA:37,2,0,1
BRDA:37,2,1,1
BRDA:42,3,0,1
BRDA:42,3,1,0
BRDA:102,4,0,1
BRDA:102,4,1,1
BRDA:110,5,0,1
BRDA:110,5,1,0
BRDA:114,6,0,1
BRDA:114,6,1,0
BRDA:118,7,0,1
BRDA:118,7,1,0
BRDA:122,8,0,1
BRDA:122,8,1,0
BRDA:125,9,0,1
BRDA:125,9,1,0
BRDA:126,10,0,1
BRDA:126,10,1,0
BRDA:140,11,0,3
BRDA:140,12,0,9
BRDA:227,13,0,0
BRDA:227,14,0,1
BRDA:234,15,0,1
BRDA:234,15,1,2
BRDA:312,16,0,3
BRDA:312,16,1,3
BRDA:323,17,0,3
BRDA:323,17,1,3
BRDA:348,18,0,1
BRDA:348,18,1,2
BRDA:351,19,0,1
BRDA:351,19,1,1
BRDA:383,20,0,1
BRDA:383,20,1,2
BRDA:389,21,0,1
BRDA:389,21,1,2
BRF:40
BRH:31
end_of_record
TN:
SF:src\services\storage\asyncStorage.js
FN:24,(anonymous_0)
FN:26,(anonymous_1)
FN:43,(anonymous_2)
FN:60,(anonymous_3)
FN:78,(anonymous_4)
FN:92,(anonymous_5)
FN:106,(anonymous_6)
FN:121,(anonymous_7)
FN:123,(anonymous_8)
FN:138,(anonymous_9)
FN:142,(anonymous_10)
FNF:11
FNH:11
FNDA:3,(anonymous_0)
FNDA:5,(anonymous_1)
FNDA:3,(anonymous_2)
FNDA:4,(anonymous_3)
FNDA:2,(anonymous_4)
FNDA:2,(anonymous_5)
FNDA:2,(anonymous_6)
FNDA:2,(anonymous_7)
FNDA:3,(anonymous_8)
FNDA:3,(anonymous_9)
FNDA:3,(anonymous_10)
DA:9,6
DA:24,6
DA:25,3
DA:26,3
DA:27,5
DA:28,4
DA:29,1
DA:31,3
DA:33,4
DA:43,6
DA:44,3
DA:46,3
DA:47,3
DA:48,2
DA:50,1
DA:51,1
DA:60,6
DA:61,4
DA:62,4
DA:63,3
DA:64,2
DA:66,1
DA:68,2
DA:69,2
DA:78,6
DA:79,2
DA:80,2
DA:81,1
DA:83,1
DA:84,1
DA:92,6
DA:93,2
DA:94,2
DA:95,1
DA:97,1
DA:98,1
DA:106,6
DA:107,2
DA:108,2
DA:109,1
DA:111,1
DA:112,1
DA:121,6
DA:122,2
DA:123,3
DA:124,2
DA:125,1
DA:126,1
DA:128,1
DA:129,1
DA:138,6
DA:139,3
DA:140,3
DA:141,2
DA:142,2
DA:143,3
DA:144,2
DA:147,2
DA:148,2
DA:150,1
DA:151,1
LF:61
LH:61
BRDA:27,0,0,4
BRDA:27,0,1,1
BRDA:27,1,0,5
BRDA:27,1,1,4
BRDA:28,2,0,1
BRDA:28,2,1,3
BRDA:63,3,0,2
BRDA:63,3,1,1
BRDA:143,4,0,2
BRDA:143,4,1,1
BRF:10
BRH:10
end_of_record
TN:
SF:src\store\backupStore.js
FN:17,(anonymous_0)
FN:23,(anonymous_1)
FN:40,(anonymous_2)
FN:56,(anonymous_3)
FN:61,(anonymous_4)
FN:79,(anonymous_5)
FN:127,(anonymous_6)
FN:143,(anonymous_7)
FN:173,(anonymous_8)
FN:179,(anonymous_9)
FN:217,(anonymous_10)
FN:221,(anonymous_11)
FN:222,(anonymous_12)
FN:231,(anonymous_13)
FN:251,(anonymous_14)
FNF:15
FNH:14
FNDA:1,(anonymous_0)
FNDA:2,(anonymous_1)
FNDA:4,(anonymous_2)
FNDA:1,(anonymous_3)
FNDA:5,(anonymous_4)
FNDA:6,(anonymous_5)
FNDA:2,(anonymous_6)
FNDA:3,(anonymous_7)
FNDA:5,(anonymous_8)
FNDA:5,(anonymous_9)
FNDA:2,(anonymous_10)
FNDA:1,(anonymous_11)
FNDA:0,(anonymous_12)
FNDA:2,(anonymous_13)
FNDA:2,(anonymous_14)
DA:14,1
DA:15,1
DA:17,1
DA:24,2
DA:25,2
DA:27,1
DA:28,1
DA:30,1
DA:36,1
DA:41,4
DA:42,4
DA:44,4
DA:52,1
DA:57,1
DA:58,1
DA:62,5
DA:64,4
DA:66,4
DA:67,1
DA:70,3
DA:71,3
DA:73,3
DA:74,1
DA:77,3
DA:79,6
DA:81,3
DA:86,1
DA:89,2
DA:91,2
DA:95,2
DA:97,2
DA:101,2
DA:120,2
DA:122,2
DA:127,2
DA:132,2
DA:134,2
DA:136,1
DA:137,1
DA:139,3
DA:144,3
DA:146,3
DA:148,2
DA:149,2
DA:151,2
DA:165,1
DA:167,1
DA:169,2
DA:174,5
DA:176,5
DA:177,5
DA:179,5
DA:181,5
DA:182,1
DA:185,4
DA:186,1
DA:189,3
DA:191,3
DA:192,1
DA:195,2
DA:196,1
DA:199,1
DA:200,1
DA:204,0
DA:205,0
DA:206,0
DA:208,0
DA:210,5
DA:211,5
DA:213,5
DA:218,2
DA:219,2
DA:221,1
DA:222,0
DA:225,1
DA:226,1
DA:232,2
DA:233,2
DA:243,1
DA:245,1
DA:246,1
DA:252,2
DA:254,2
DA:255,2
DA:257,2
DA:258,1
DA:261,1
DA:263,1
DA:267,1
DA:269,1
DA:271,1
DA:272,1
DA:274,1
DA:275,1
DA:276,1
LF:95
LH:90
BRDA:27,0,0,1
BRDA:27,0,1,0
BRDA:31,1,0,1
BRDA:31,1,1,0
BRDA:32,2,0,1
BRDA:32,2,1,0
BRDA:61,3,0,2
BRDA:61,4,0,2
BRDA:62,5,0,1
BRDA:62,5,1,4
BRDA:66,6,0,1
BRDA:66,6,1,3
BRDA:73,7,0,1
BRDA:73,7,1,2
BRDA:81,8,0,1
BRDA:81,8,1,2
BRDA:82,9,0,3
BRDA:82,9,1,2
BRDA:82,9,2,1
BRDA:146,10,0,1
BRDA:146,10,1,2
BRDA:174,11,0,0
BRDA:174,11,1,5
BRDA:181,12,0,1
BRDA:181,12,1,4
BRDA:185,13,0,1
BRDA:185,13,1,3
BRDA:189,14,0,0
BRDA:189,15,0,0
BRDA:189,16,0,0
BRDA:191,17,0,1
BRDA:191,17,1,2
BRDA:195,18,0,1
BRDA:195,18,1,1
BRDA:199,19,0,1
BRDA:199,19,1,0
BRDA:257,20,0,1
BRDA:257,20,1,1
BRDA:265,21,0,1
BRDA:265,21,1,0
BRDA:267,22,0,1
BRDA:267,22,1,0
BRDA:269,23,0,1
BRDA:269,23,1,0
BRF:44
BRH:33
end_of_record
TN:
SF:src\store\budgetStore.js
FN:19,(anonymous_0)
FN:25,(anonymous_1)
FN:42,(anonymous_2)
FN:53,(anonymous_3)
FN:62,(anonymous_4)
FN:80,(anonymous_5)
FN:92,(anonymous_6)
FN:98,(anonymous_7)
FN:99,(anonymous_8)
FN:112,(anonymous_9)
FN:118,(anonymous_10)
FN:119,(anonymous_11)
FN:130,(anonymous_12)
FN:136,(anonymous_13)
FN:142,(anonymous_14)
FN:163,(anonymous_15)
FN:171,(anonymous_16)
FN:172,(anonymous_17)
FN:181,(anonymous_18)
FN:200,(anonymous_19)
FN:203,(anonymous_20)
FN:211,(anonymous_21)
FN:272,(anonymous_22)
FN:293,(anonymous_23)
FN:306,(anonymous_24)
FN:312,(anonymous_25)
FN:326,(anonymous_26)
FN:350,(anonymous_27)
FNF:28
FNH:26
FNDA:2,(anonymous_0)
FNDA:2,(anonymous_1)
FNDA:0,(anonymous_2)
FNDA:7,(anonymous_3)
FNDA:1,(anonymous_4)
FNDA:5,(anonymous_5)
FNDA:1,(anonymous_6)
FNDA:1,(anonymous_7)
FNDA:1,(anonymous_8)
FNDA:1,(anonymous_9)
FNDA:1,(anonymous_10)
FNDA:1,(anonymous_11)
FNDA:2,(anonymous_12)
FNDA:2,(anonymous_13)
FNDA:6,(anonymous_14)
FNDA:2,(anonymous_15)
FNDA:3,(anonymous_16)
FNDA:2,(anonymous_17)
FNDA:3,(anonymous_18)
FNDA:3,(anonymous_19)
FNDA:3,(anonymous_20)
FNDA:45,(anonymous_21)
FNDA:3,(anonymous_22)
FNDA:1,(anonymous_23)
FNDA:0,(anonymous_24)
FNDA:1,(anonymous_25)
FNDA:1,(anonymous_26)
FNDA:1,(anonymous_27)
DA:17,2
DA:19,2
DA:26,2
DA:28,2
DA:29,2
DA:31,2
DA:32,2
DA:34,2
DA:41,2
DA:42,0
DA:45,2
DA:46,2
DA:48,0
DA:49,0
DA:54,7
DA:55,1
DA:58,6
DA:59,6
DA:61,6
DA:62,1
DA:65,6
DA:66,1
DA:67,1
DA:73,5
DA:78,5
DA:80,5
DA:85,5
DA:87,0
DA:88,0
DA:93,1
DA:94,1
DA:96,1
DA:98,1
DA:100,1
DA:105,1
DA:107,0
DA:108,0
DA:113,1
DA:114,1
DA:116,1
DA:118,1
DA:119,1
DA:123,1
DA:125,0
DA:126,0
DA:131,2
DA:132,2
DA:136,2
DA:143,6
DA:144,6
DA:146,6
DA:147,3
DA:148,3
DA:149,3
DA:150,2
DA:151,2
DA:155,6
DA:156,3
DA:157,3
DA:158,3
DA:159,3
DA:160,3
DA:163,3
DA:164,2
DA:165,0
DA:171,3
DA:172,3
DA:173,2
DA:174,2
DA:175,0
DA:180,3
DA:181,3
DA:182,3
DA:183,3
DA:188,3
DA:193,3
DA:194,0
DA:198,3
DA:200,3
DA:201,3
DA:203,3
DA:204,3
DA:206,3
DA:207,3
DA:208,3
DA:211,45
DA:214,3
DA:217,3
DA:218,0
DA:219,3
DA:220,0
DA:224,3
DA:225,1
DA:226,1
DA:228,1
DA:232,1
DA:235,2
DA:240,0
DA:241,0
DA:243,0
DA:250,2
DA:255,1
DA:256,1
DA:258,1
DA:262,1
DA:267,3
DA:268,2
DA:273,3
DA:275,3
DA:276,1
DA:282,2
DA:284,2
DA:285,2
DA:287,2
DA:288,1
DA:291,1
DA:293,1
DA:294,1
DA:296,1
DA:303,1
DA:305,1
DA:307,0
DA:311,1
DA:313,1
DA:315,1
DA:323,1
DA:324,1
DA:325,1
DA:326,1
DA:329,1
DA:330,1
DA:335,1
DA:337,1
DA:341,1
DA:346,2
DA:350,1
LF:136
LH:118
BRDA:26,0,0,0
BRDA:26,0,1,2
BRDA:54,1,0,1
BRDA:54,1,1,6
BRDA:62,2,0,1
BRDA:62,2,1,1
BRDA:65,3,0,1
BRDA:65,3,1,5
BRDA:100,4,0,1
BRDA:100,4,1,0
BRDA:136,5,0,2
BRDA:136,5,1,0
BRDA:142,6,0,5
BRDA:146,7,0,3
BRDA:146,7,1,3
BRDA:146,8,0,6
BRDA:146,8,1,6
BRDA:149,9,0,2
BRDA:149,9,1,1
BRDA:155,10,0,3
BRDA:155,10,1,3
BRDA:155,11,0,6
BRDA:155,11,1,6
BRDA:164,12,0,0
BRDA:164,12,1,2
BRDA:174,13,0,0
BRDA:174,13,1,2
BRDA:183,14,0,3
BRDA:183,14,1,0
BRDA:184,15,0,3
BRDA:184,15,1,3
BRDA:184,15,2,3
BRDA:189,16,0,3
BRDA:189,16,1,3
BRDA:189,17,0,3
BRDA:189,17,1,0
BRDA:193,18,0,0
BRDA:193,18,1,3
BRDA:193,19,0,3
BRDA:193,19,1,0
BRDA:193,19,2,0
BRDA:195,20,0,0
BRDA:195,20,1,0
BRDA:201,21,0,0
BRDA:201,21,1,3
BRDA:204,22,0,0
BRDA:204,22,1,3
BRDA:204,23,0,3
BRDA:204,23,1,3
BRDA:206,24,0,3
BRDA:206,24,1,0
BRDA:211,25,0,3
BRDA:211,25,1,3
BRDA:217,26,0,0
BRDA:217,26,1,3
BRDA:219,27,0,0
BRDA:219,27,1,3
BRDA:219,28,0,3
BRDA:219,28,1,1
BRDA:224,29,0,1
BRDA:224,29,1,2
BRDA:224,30,0,3
BRDA:224,30,1,2
BRDA:225,31,0,1
BRDA:225,31,1,0
BRDA:225,32,0,1
BRDA:225,32,1,1
BRDA:235,33,0,0
BRDA:235,33,1,2
BRDA:236,34,0,2
BRDA:236,34,1,2
BRDA:236,34,2,1
BRDA:240,35,0,0
BRDA:240,35,1,0
BRDA:240,36,0,0
BRDA:240,36,1,0
BRDA:250,37,0,1
BRDA:250,37,1,1
BRDA:251,38,0,2
BRDA:251,38,1,2
BRDA:251,38,2,2
BRDA:255,39,0,1
BRDA:255,39,1,0
BRDA:255,40,0,1
BRDA:255,40,1,1
BRDA:267,41,0,2
BRDA:267,41,1,1
BRDA:267,42,0,3
BRDA:267,42,1,2
BRDA:275,43,0,1
BRDA:275,43,1,2
BRDA:282,44,0,0
BRDA:282,44,1,2
BRDA:287,45,0,1
BRDA:287,45,1,1
BRF:95
BRH:70
end_of_record
TN:
SF:src\store\goalsStore.js
FN:18,(anonymous_0)
FN:25,(anonymous_1)
FN:48,(anonymous_2)
FN:79,(anonymous_3)
FN:93,(anonymous_4)
FN:98,(anonymous_5)
FN:103,(anonymous_6)
FN:104,(anonymous_7)
FN:117,(anonymous_8)
FN:119,(anonymous_9)
FN:132,(anonymous_10)
FN:133,(anonymous_11)
FN:162,(anonymous_12)
FN:167,(anonymous_13)
FN:172,(anonymous_14)
FN:173,(anonymous_15)
FN:186,(anonymous_16)
FN:205,(anonymous_17)
FN:218,(anonymous_18)
FN:222,(anonymous_19)
FN:257,(anonymous_20)
FNF:21
FNH:21
FNDA:1,(anonymous_0)
FNDA:2,(anonymous_1)
FNDA:11,(anonymous_2)
FNDA:7,(anonymous_3)
FNDA:3,(anonymous_4)
FNDA:1,(anonymous_5)
FNDA:1,(anonymous_6)
FNDA:1,(anonymous_7)
FNDA:4,(anonymous_8)
FNDA:3,(anonymous_9)
FNDA:2,(anonymous_10)
FNDA:2,(anonymous_11)
FNDA:3,(anonymous_12)
FNDA:1,(anonymous_13)
FNDA:1,(anonymous_14)
FNDA:1,(anonymous_15)
FNDA:5,(anonymous_16)
FNDA:2,(anonymous_17)
FNDA:1,(anonymous_18)
FNDA:2,(anonymous_19)
FNDA:1,(anonymous_20)
DA:18,1
DA:26,2
DA:28,2
DA:29,2
DA:31,2
DA:37,1
DA:38,1
DA:40,1
DA:41,1
DA:42,1
DA:49,11
DA:50,1
DA:53,10
DA:54,10
DA:58,10
DA:59,10
DA:61,10
DA:62,1
DA:63,1
DA:66,9
DA:71,9
DA:73,8
DA:74,1
DA:77,7
DA:79,7
DA:84,7
DA:86,1
DA:87,1
DA:88,1
DA:94,3
DA:95,3
DA:97,3
DA:98,2
DA:100,2
DA:101,1
DA:103,1
DA:104,1
DA:108,1
DA:110,1
DA:111,1
DA:112,1
DA:118,4
DA:119,4
DA:120,4
DA:121,1
DA:125,3
DA:127,3
DA:132,2
DA:134,2
DA:139,2
DA:140,2
DA:145,1
DA:146,1
DA:148,1
DA:154,2
DA:156,1
DA:157,1
DA:163,3
DA:164,3
DA:166,3
DA:167,2
DA:169,2
DA:170,1
DA:172,1
DA:173,1
DA:177,1
DA:179,1
DA:180,1
DA:181,1
DA:187,5
DA:189,5
DA:190,1
DA:196,4
DA:198,3
DA:199,3
DA:201,3
DA:202,1
DA:205,2
DA:206,2
DA:208,2
DA:215,2
DA:217,2
DA:218,1
DA:221,2
DA:223,2
DA:225,1
DA:232,1
DA:236,1
DA:241,2
DA:243,2
DA:247,2
DA:252,3
DA:257,1
LF:93
LH:93
BRDA:26,0,0,0
BRDA:26,0,1,2
BRDA:49,1,0,1
BRDA:49,1,1,10
BRDA:61,2,0,1
BRDA:61,2,1,9
BRDA:61,3,0,10
BRDA:61,3,1,5
BRDA:68,4,0,9
BRDA:68,4,1,7
BRDA:73,5,0,1
BRDA:73,5,1,7
BRDA:100,6,0,1
BRDA:100,6,1,1
BRDA:104,7,0,1
BRDA:104,7,1,0
BRDA:120,8,0,1
BRDA:120,8,1,3
BRDA:125,9,0,3
BRDA:125,9,1,1
BRDA:125,10,0,3
BRDA:125,10,1,0
BRDA:134,11,0,2
BRDA:134,11,1,0
BRDA:140,12,0,1
BRDA:140,12,1,1
BRDA:141,13,0,2
BRDA:141,13,1,1
BRDA:141,13,2,1
BRDA:145,14,0,1
BRDA:145,14,1,0
BRDA:169,15,0,1
BRDA:169,15,1,1
BRDA:189,16,0,1
BRDA:189,16,1,4
BRDA:196,17,0,1
BRDA:196,17,1,3
BRDA:201,18,0,1
BRDA:201,18,1,2
BRF:39
BRH:34
end_of_record
TN:
SF:src\store\premiumStore.js
FN:28,(anonymous_0)
FN:37,(anonymous_1)
FN:113,(anonymous_2)
FN:179,(anonymous_3)
FN:205,(anonymous_4)
FN:234,(anonymous_5)
FN:255,(anonymous_6)
FNF:7
FNH:7
FNDA:1,(anonymous_0)
FNDA:5,(anonymous_1)
FNDA:8,(anonymous_2)
FNDA:2,(anonymous_3)
FNDA:3,(anonymous_4)
FNDA:6,(anonymous_5)
FNDA:23,(anonymous_6)
DA:14,1
DA:28,1
DA:38,5
DA:39,5
DA:41,5
DA:44,4
DA:49,1
DA:56,1
DA:59,3
DA:61,3
DA:64,3
DA:65,1
DA:67,1
DA:74,1
DA:78,2
DA:79,2
DA:86,2
DA:90,0
DA:92,0
DA:99,1
DA:101,1
DA:108,5
DA:114,8
DA:115,8
DA:118,8
DA:119,1
DA:126,7
DA:127,1
DA:133,6
DA:134,1
DA:140,5
DA:142,5
DA:143,5
DA:145,5
DA:146,5
DA:148,0
DA:151,5
DA:157,5
DA:159,4
DA:165,4
DA:167,1
DA:169,1
DA:174,8
DA:180,2
DA:181,2
DA:183,2
DA:185,1
DA:191,1
DA:193,1
DA:195,1
DA:200,2
DA:206,3
DA:207,3
DA:209,3
DA:211,2
DA:212,1
DA:218,1
DA:220,1
DA:222,1
DA:224,1
DA:229,3
DA:235,6
DA:237,6
DA:238,1
DA:241,5
DA:242,1
DA:245,4
DA:247,4
DA:248,1
DA:251,3
DA:256,23
LF:71
LH:68
BRDA:44,0,0,1
BRDA:44,0,1,3
BRDA:45,1,0,4
BRDA:45,1,1,3
BRDA:45,1,2,3
BRDA:64,2,0,1
BRDA:64,2,1,2
BRDA:78,3,0,2
BRDA:78,3,1,0
BRDA:118,4,0,1
BRDA:118,4,1,7
BRDA:126,5,0,1
BRDA:126,5,1,6
BRDA:133,6,0,1
BRDA:133,6,1,5
BRDA:133,7,0,6
BRDA:133,7,1,1
BRDA:145,8,0,5
BRDA:145,8,1,0
BRDA:211,9,0,1
BRDA:211,9,1,1
BRDA:237,10,0,1
BRDA:237,10,1,5
BRDA:241,11,0,1
BRDA:241,11,1,4
BRDA:241,12,0,5
BRDA:241,12,1,4
BRDA:247,13,0,1
BRDA:247,13,1,3
BRF:29
BRH:27
end_of_record
TN:
SF:src\store\settingsStore.js
FN:43,(anonymous_0)
FN:146,(anonymous_1)
FN:194,(anonymous_2)
FN:222,(anonymous_3)
FN:234,(anonymous_4)
FN:246,(anonymous_5)
FN:258,(anonymous_6)
FN:270,(anonymous_7)
FN:292,(anonymous_8)
FN:314,(anonymous_9)
FN:341,(anonymous_10)
FN:371,(anonymous_11)
FN:375,(anonymous_12)
FN:379,(anonymous_13)
FN:383,(anonymous_14)
FN:388,(anonymous_15)
FN:398,(anonymous_16)
FN:435,(anonymous_17)
FNF:18
FNH:15
FNDA:6,(anonymous_0)
FNDA:3,(anonymous_1)
FNDA:43,(anonymous_2)
FNDA:3,(anonymous_3)
FNDA:2,(anonymous_4)
FNDA:4,(anonymous_5)
FNDA:2,(anonymous_6)
FNDA:2,(anonymous_7)
FNDA:1,(anonymous_8)
FNDA:0,(anonymous_9)
FNDA:26,(anonymous_10)
FNDA:3,(anonymous_11)
FNDA:11,(anonymous_12)
FNDA:0,(anonymous_13)
FNDA:0,(anonymous_14)
FNDA:5,(anonymous_15)
FNDA:4,(anonymous_16)
FNDA:4,(anonymous_17)
DA:14,6
DA:25,6
DA:43,6
DA:147,3
DA:149,3
DA:150,3
DA:152,2
DA:153,1
DA:158,1
DA:171,1
DA:173,1
DA:175,1
DA:177,1
DA:182,1
DA:184,1
DA:195,43
DA:196,43
DA:198,43
DA:205,42
DA:209,1
DA:211,1
DA:223,3
DA:225,3
DA:229,3
DA:231,3
DA:235,2
DA:239,2
DA:247,4
DA:251,4
DA:259,2
DA:263,2
DA:271,2
DA:272,2
DA:277,2
DA:281,2
DA:284,2
DA:286,1
DA:288,1
DA:293,1
DA:294,1
DA:299,1
DA:303,1
DA:305,1
DA:307,1
DA:309,0
DA:315,0
DA:316,0
DA:323,0
DA:327,0
DA:329,0
DA:331,0
DA:333,0
DA:342,26
DA:343,26
DA:355,26
DA:357,26
DA:359,26
DA:361,26
DA:363,0
DA:372,3
DA:374,3
DA:375,11
DA:380,0
DA:382,0
DA:383,0
DA:389,5
DA:391,5
DA:393,5
DA:395,5
DA:399,4
DA:401,4
DA:403,4
DA:414,4
DA:416,4
DA:417,4
DA:427,2
DA:436,4
DA:438,4
DA:563,4
LF:79
LH:67
BRDA:152,0,0,1
BRDA:152,0,1,1
BRDA:155,1,0,1
BRDA:155,1,1,1
BRDA:159,2,0,1
BRDA:159,2,1,0
BRDA:161,3,0,1
BRDA:161,3,1,0
BRDA:163,4,0,1
BRDA:163,4,1,0
BRDA:375,5,0,3
BRDA:375,5,1,1
BRDA:383,6,0,0
BRDA:383,6,1,0
BRDA:391,7,0,5
BRDA:391,7,1,1
BRDA:393,8,0,4
BRDA:393,8,1,1
BRDA:393,9,0,1
BRDA:393,9,1,1
BRDA:414,10,0,4
BRDA:414,10,1,1
BRDA:438,11,0,2
BRDA:438,11,1,2
BRF:24
BRH:19
end_of_record
TN:
SF:src\store\transactionStore.js
FN:17,(anonymous_0)
FN:24,(anonymous_1)
FN:46,(anonymous_2)
FN:85,(anonymous_3)
FN:144,(anonymous_4)
FN:150,(anonymous_5)
FN:151,(anonymous_6)
FN:166,(anonymous_7)
FN:171,(anonymous_8)
FN:184,(anonymous_9)
FN:185,(anonymous_10)
FN:209,(anonymous_11)
FN:212,(anonymous_12)
FN:214,(anonymous_13)
FN:215,(anonymous_14)
FN:233,(anonymous_15)
FN:238,(anonymous_16)
FN:244,(anonymous_17)
FN:248,(anonymous_18)
FN:258,(anonymous_19)
FN:270,(anonymous_20)
FN:276,(anonymous_21)
FN:316,(anonymous_22)
FN:319,(anonymous_23)
FN:334,(anonymous_24)
FN:336,(anonymous_25)
FN:337,(anonymous_26)
FN:340,(anonymous_27)
FN:342,(anonymous_28)
FN:343,(anonymous_29)
FN:346,(anonymous_30)
FN:347,(anonymous_31)
FN:350,(anonymous_32)
FN:351,(anonymous_33)
FN:354,(anonymous_34)
FN:355,(anonymous_35)
FN:362,(anonymous_36)
FN:363,(anonymous_37)
FN:367,(anonymous_38)
FNF:39
FNH:38
FNDA:2,(anonymous_0)
FNDA:4,(anonymous_1)
FNDA:48,(anonymous_2)
FNDA:47,(anonymous_3)
FNDA:4,(anonymous_4)
FNDA:3,(anonymous_5)
FNDA:2,(anonymous_6)
FNDA:5,(anonymous_7)
FNDA:4,(anonymous_8)
FNDA:1,(anonymous_9)
FNDA:1,(anonymous_10)
FNDA:1,(anonymous_11)
FNDA:4,(anonymous_12)
FNDA:16,(anonymous_13)
FNDA:4,(anonymous_14)
FNDA:1,(anonymous_15)
FNDA:2,(anonymous_16)
FNDA:2,(anonymous_17)
FNDA:3,(anonymous_18)
FNDA:2,(anonymous_19)
FNDA:0,(anonymous_20)
FNDA:2,(anonymous_21)
FNDA:3,(anonymous_22)
FNDA:5,(anonymous_23)
FNDA:2,(anonymous_24)
FNDA:2,(anonymous_25)
FNDA:2,(anonymous_26)
FNDA:2,(anonymous_27)
FNDA:2,(anonymous_28)
FNDA:2,(anonymous_29)
FNDA:3,(anonymous_30)
FNDA:6,(anonymous_31)
FNDA:2,(anonymous_32)
FNDA:3,(anonymous_33)
FNDA:1,(anonymous_34)
FNDA:3,(anonymous_35)
FNDA:3,(anonymous_36)
FNDA:4,(anonymous_37)
FNDA:1,(anonymous_38)
DA:17,2
DA:25,4
DA:27,1
DA:28,1
DA:30,1
DA:36,1
DA:37,1
DA:39,0
DA:40,0
DA:41,0
DA:51,48
DA:52,48
DA:54,48
DA:55,48
DA:61,48
DA:64,48
DA:66,47
DA:67,47
DA:68,47
DA:69,47
DA:70,47
DA:71,47
DA:74,47
DA:75,0
DA:78,0
DA:85,47
DA:92,47
DA:93,47
DA:94,47
DA:95,46
DA:97,46
DA:101,4
DA:108,0
DA:113,47
DA:114,47
DA:115,2
DA:117,2
DA:120,0
DA:126,47
DA:128,1
DA:131,1
DA:136,1
DA:145,4
DA:146,4
DA:148,4
DA:150,3
DA:152,2
DA:157,3
DA:159,1
DA:160,1
DA:161,1
DA:167,5
DA:168,5
DA:170,5
DA:171,5
DA:173,5
DA:174,3
DA:180,2
DA:182,2
DA:184,1
DA:185,1
DA:191,1
DA:193,1
DA:194,0
DA:195,0
DA:198,0
DA:201,1
DA:203,1
DA:204,1
DA:205,1
DA:210,1
DA:212,1
DA:213,4
DA:214,16
DA:215,4
DA:217,1
DA:218,1
DA:219,1
DA:220,1
DA:222,1
DA:234,1
DA:235,1
DA:236,1
DA:238,1
DA:239,2
DA:240,2
DA:245,2
DA:249,3
DA:251,2
DA:252,2
DA:254,2
DA:255,1
DA:258,1
DA:259,2
DA:261,2
DA:267,1
DA:269,1
DA:271,0
DA:275,1
DA:277,2
DA:282,2
DA:289,1
DA:293,1
DA:298,1
DA:300,1
DA:304,1
DA:309,2
DA:317,3
DA:319,3
DA:320,5
DA:322,5
DA:323,2
DA:326,3
DA:327,3
DA:330,0
DA:335,2
DA:336,2
DA:337,2
DA:341,2
DA:342,2
DA:343,2
DA:347,6
DA:351,3
DA:355,1
DA:356,3
DA:358,3
DA:363,3
DA:364,4
DA:367,1
LF:129
LH:117
BRDA:25,0,0,3
BRDA:25,0,1,1
BRDA:52,1,0,48
BRDA:52,1,1,48
BRDA:74,2,0,0
BRDA:74,2,1,47
BRDA:74,3,0,47
BRDA:74,3,1,0
BRDA:94,4,0,46
BRDA:94,4,1,1
BRDA:95,5,0,2
BRDA:95,5,1,44
BRDA:97,6,0,4
BRDA:97,6,1,42
BRDA:98,7,0,46
BRDA:98,7,1,44
BRDA:114,8,0,2
BRDA:114,8,1,45
BRDA:132,9,0,1
BRDA:132,9,1,0
BRDA:138,10,0,1
BRDA:138,10,1,0
BRDA:152,11,0,2
BRDA:152,11,1,0
BRDA:173,12,0,3
BRDA:173,12,1,2
BRDA:193,13,0,0
BRDA:193,13,1,1
BRDA:215,14,0,4
BRDA:215,14,1,0
BRDA:240,15,0,2
BRDA:240,15,1,1
BRDA:244,16,0,1
BRDA:249,17,0,1
BRDA:249,17,1,2
BRDA:254,18,0,1
BRDA:254,18,1,1
BRDA:320,19,0,5
BRDA:320,19,1,0
BRDA:322,20,0,2
BRDA:322,20,1,3
BRDA:322,21,0,5
BRDA:322,21,1,4
BRDA:326,22,0,3
BRDA:326,22,1,0
BRDA:326,23,0,3
BRDA:326,23,1,1
BRDA:336,24,0,2
BRDA:336,24,1,0
BRDA:337,25,0,2
BRDA:337,25,1,0
BRDA:342,26,0,2
BRDA:342,26,1,0
BRDA:343,27,0,2
BRDA:343,27,1,0
BRDA:358,28,0,3
BRDA:358,28,1,3
BRF:57
BRH:44
end_of_record
TN:
SF:src\utils\index.js
FNF:0
FNH:0
LF:0
LH:0
BRF:0
BRH:0
end_of_record
TN:
SF:src\utils\constants\categories.js
FNF:0
FNH:0
DA:9,2
DA:60,2
DA:153,2
DA:198,2
DA:237,2
LF:5
LH:5
BRF:0
BRH:0
end_of_record
TN:
SF:src\utils\constants\colors.js
FNF:0
FNH:0
DA:6,2
LF:1
LH:1
BRF:0
BRH:0
end_of_record
TN:
SF:src\utils\constants\routes.js
FNF:0
FNH:0
DA:6,2
LF:1
LH:1
BRF:0
BRH:0
end_of_record
TN:
SF:src\utils\helpers\formatters.js
FN:16,(anonymous_0)
FN:18,(anonymous_1)
FN:20,(anonymous_2)
FN:21,(anonymous_3)
FN:23,(anonymous_4)
FN:25,(anonymous_5)
FN:31,(anonymous_6)
FN:33,(anonymous_7)
FN:35,(anonymous_8)
FN:36,(anonymous_9)
FN:38,(anonymous_10)
FN:40,(anonymous_11)
FN:46,(anonymous_12)
FN:48,(anonymous_13)
FN:50,(anonymous_14)
FN:51,(anonymous_15)
FN:53,(anonymous_16)
FN:55,(anonymous_17)
FN:61,(anonymous_18)
FN:67,(anonymous_19)
FN:68,(anonymous_20)
FN:77,(anonymous_21)
FN:88,(anonymous_22)
FN:102,(anonymous_23)
FN:122,(anonymous_24)
FN:144,(anonymous_25)
FN:166,(anonymous_26)
FN:187,(anonymous_27)
FN:194,(anonymous_28)
FN:230,(anonymous_29)
FN:231,(anonymous_30)
FN:232,(anonymous_31)
FN:235,(anonymous_32)
FN:240,(anonymous_33)
FN:268,(anonymous_34)
FN:283,(anonymous_35)
FN:303,(anonymous_36)
FN:321,(anonymous_37)
FN:338,(anonymous_38)
FN:354,(anonymous_39)
FN:370,(anonymous_40)
FN:388,(anonymous_41)
FN:398,(anonymous_42)
FN:422,(anonymous_43)
FN:432,(anonymous_44)
FN:438,(anonymous_45)
FN:443,(anonymous_46)
FN:447,(anonymous_47)
FN:466,(anonymous_48)
FN:482,(anonymous_49)
FN:496,(anonymous_50)
FN:542,(anonymous_51)
FN:560,(anonymous_52)
FN:574,(anonymous_53)
FN:581,(anonymous_54)
FN:604,(anonymous_55)
FN:615,(anonymous_56)
FN:624,(anonymous_57)
FNF:58
FNH:42
FNDA:0,(anonymous_0)
FNDA:0,(anonymous_1)
FNDA:0,(anonymous_2)
FNDA:1,(anonymous_3)
FNDA:0,(anonymous_4)
FNDA:1,(anonymous_5)
FNDA:0,(anonymous_6)
FNDA:1,(anonymous_7)
FNDA:0,(anonymous_8)
FNDA:0,(anonymous_9)
FNDA:0,(anonymous_10)
FNDA:0,(anonymous_11)
FNDA:0,(anonymous_12)
FNDA:0,(anonymous_13)
FNDA:1,(anonymous_14)
FNDA:0,(anonymous_15)
FNDA:0,(anonymous_16)
FNDA:0,(anonymous_17)
FNDA:10,(anonymous_18)
FNDA:1,(anonymous_19)
FNDA:3,(anonymous_20)
FNDA:0,(anonymous_21)
FNDA:5,(anonymous_22)
FNDA:3,(anonymous_23)
FNDA:3,(anonymous_24)
FNDA:4,(anonymous_25)
FNDA:3,(anonymous_26)
FNDA:0,(anonymous_27)
FNDA:3,(anonymous_28)
FNDA:1,(anonymous_29)
FNDA:3,(anonymous_30)
FNDA:3,(anonymous_31)
FNDA:1,(anonymous_32)
FNDA:8,(anonymous_33)
FNDA:2,(anonymous_34)
FNDA:1,(anonymous_35)
FNDA:1,(anonymous_36)
FNDA:1,(anonymous_37)
FNDA:1,(anonymous_38)
FNDA:1,(anonymous_39)
FNDA:1,(anonymous_40)
FNDA:2,(anonymous_41)
FNDA:4,(anonymous_42)
FNDA:2,(anonymous_43)
FNDA:6,(anonymous_44)
FNDA:1,(anonymous_45)
FNDA:3,(anonymous_46)
FNDA:2,(anonymous_47)
FNDA:2,(anonymous_48)
FNDA:1,(anonymous_49)
FNDA:7,(anonymous_50)
FNDA:1,(anonymous_51)
FNDA:1,(anonymous_52)
FNDA:1,(anonymous_53)
FNDA:3,(anonymous_54)
FNDA:14,(anonymous_55)
FNDA:1,(anonymous_56)
FNDA:1,(anonymous_57)
DA:12,4
DA:16,0
DA:18,0
DA:20,0
DA:21,1
DA:23,0
DA:25,1
DA:31,0
DA:33,1
DA:35,0
DA:36,0
DA:38,0
DA:40,0
DA:46,0
DA:48,0
DA:50,1
DA:51,0
DA:53,0
DA:55,0
DA:61,4
DA:62,10
DA:64,10
DA:67,4
DA:68,3
DA:77,4
DA:78,0
DA:80,0
DA:88,4
DA:89,5
DA:91,4
DA:92,4
DA:94,4
DA:96,3
DA:102,4
DA:103,3
DA:105,2
DA:107,2
DA:109,2
DA:122,4
DA:123,3
DA:125,3
DA:127,3
DA:128,1
DA:131,2
DA:133,2
DA:134,1
DA:137,1
DA:144,4
DA:145,4
DA:147,4
DA:148,1
DA:149,1
DA:150,0
DA:152,1
DA:155,3
DA:156,2
DA:157,0
DA:160,2
DA:166,4
DA:167,3
DA:169,3
DA:171,3
DA:172,1
DA:173,1
DA:175,1
DA:178,2
DA:179,2
DA:181,1
DA:187,4
DA:188,0
DA:189,0
DA:194,4
DA:199,3
DA:200,0
DA:203,3
DA:205,3
DA:216,3
DA:218,3
DA:219,3
DA:226,1
DA:230,4
DA:231,3
DA:232,3
DA:234,1
DA:235,1
DA:240,4
DA:241,8
DA:242,1
DA:245,7
DA:247,7
DA:248,7
DA:250,7
DA:252,7
DA:253,7
DA:262,0
DA:268,4
DA:269,2
DA:271,1
DA:272,1
DA:274,1
DA:276,1
DA:283,4
DA:284,1
DA:286,1
DA:288,1
DA:289,0
DA:292,1
DA:294,1
DA:303,4
DA:304,1
DA:306,1
DA:308,1
DA:309,0
DA:312,1
DA:314,1
DA:321,4
DA:322,1
DA:324,1
DA:326,1
DA:331,1
DA:332,1
DA:335,0
DA:338,4
DA:339,1
DA:341,1
DA:343,1
DA:344,0
DA:347,1
DA:349,1
DA:354,4
DA:355,1
DA:357,1
DA:359,1
DA:360,0
DA:363,1
DA:365,1
DA:370,4
DA:371,1
DA:373,1
DA:375,1
DA:376,0
DA:379,1
DA:381,1
DA:388,4
DA:389,2
DA:390,0
DA:393,2
DA:395,2
DA:398,4
DA:399,4
DA:400,0
DA:403,4
DA:405,4
DA:406,1
DA:409,3
DA:410,1
DA:413,2
DA:414,1
DA:417,1
DA:422,4
DA:423,2
DA:425,2
DA:426,1
DA:429,1
DA:432,4
DA:433,6
DA:435,4
DA:438,4
DA:439,1
DA:441,1
DA:443,3
DA:447,4
DA:448,2
DA:450,2
DA:452,2
DA:454,2
DA:455,1
DA:458,1
DA:466,4
DA:467,2
DA:469,2
DA:471,2
DA:472,1
DA:475,1
DA:476,1
DA:479,0
DA:482,4
DA:483,1
DA:485,1
DA:487,1
DA:488,1
DA:491,0
DA:496,4
DA:497,7
DA:499,6
DA:501,6
DA:502,0
DA:505,6
DA:507,6
DA:509,6
DA:515,6
DA:517,6
DA:519,6
DA:520,6
DA:521,6
DA:522,6
DA:523,6
DA:525,6
DA:526,4
DA:527,4
DA:528,4
DA:529,4
DA:530,3
DA:531,3
DA:532,2
DA:533,1
DA:534,1
DA:535,1
DA:537,1
DA:542,4
DA:543,1
DA:545,1
DA:547,1
DA:549,1
DA:555,1
DA:557,1
DA:560,4
DA:561,1
DA:563,1
DA:565,1
DA:567,1
DA:568,1
DA:574,1
DA:577,0
DA:581,4
DA:582,3
DA:584,2
DA:586,2
DA:588,2
DA:590,2
DA:592,2
DA:593,2
DA:595,0
DA:598,2
DA:600,2
DA:604,4
DA:605,14
DA:606,14
DA:607,6
DA:609,8
DA:610,7
DA:611,7
DA:613,1
DA:615,4
DA:616,1
DA:618,1
DA:619,1
DA:621,1
DA:624,4
DA:625,1
DA:627,1
DA:628,1
DA:630,1
LF:263
LH:228
BRDA:64,0,0,10
BRDA:64,0,1,0
BRDA:68,1,0,3
BRDA:68,1,1,0
BRDA:89,2,0,1
BRDA:89,2,1,4
BRDA:94,3,0,1
BRDA:94,3,1,3
BRDA:94,4,0,4
BRDA:94,4,1,3
BRDA:94,4,2,3
BRDA:103,5,0,1
BRDA:103,5,1,2
BRDA:105,6,0,1
BRDA:105,6,1,1
BRDA:107,7,0,0
BRDA:107,7,1,2
BRDA:122,8,0,2
BRDA:123,9,0,0
BRDA:123,9,1,3
BRDA:127,10,0,1
BRDA:127,10,1,2
BRDA:133,11,0,1
BRDA:133,11,1,1
BRDA:144,12,0,2
BRDA:147,13,0,1
BRDA:147,13,1,3
BRDA:148,14,0,0
BRDA:148,14,1,1
BRDA:149,15,0,0
BRDA:149,15,1,1
BRDA:155,16,0,1
BRDA:155,16,1,2
BRDA:156,17,0,0
BRDA:156,17,1,2
BRDA:166,18,0,2
BRDA:167,19,0,0
BRDA:167,19,1,3
BRDA:171,20,0,1
BRDA:171,20,1,2
BRDA:173,21,0,0
BRDA:173,21,1,1
BRDA:179,22,0,1
BRDA:179,22,1,1
BRDA:187,23,0,0
BRDA:188,24,0,0
BRDA:188,24,1,0
BRDA:196,25,0,0
BRDA:197,26,0,1
BRDA:199,27,0,0
BRDA:199,27,1,3
BRDA:199,28,0,3
BRDA:199,28,1,3
BRDA:203,29,0,3
BRDA:203,29,1,0
BRDA:203,30,0,0
BRDA:203,30,1,0
BRDA:216,31,0,3
BRDA:216,31,1,0
BRDA:216,31,2,0
BRDA:241,32,0,1
BRDA:241,32,1,7
BRDA:241,33,0,8
BRDA:241,33,1,7
BRDA:247,34,0,7
BRDA:247,34,1,0
BRDA:248,35,0,7
BRDA:248,35,1,0
BRDA:250,36,0,7
BRDA:250,36,1,0
BRDA:250,37,0,0
BRDA:250,37,1,0
BRDA:269,38,0,1
BRDA:269,38,1,1
BRDA:272,39,0,0
BRDA:272,39,1,1
BRDA:284,40,0,0
BRDA:284,40,1,1
BRDA:288,41,0,0
BRDA:288,41,1,1
BRDA:288,42,0,1
BRDA:288,42,1,1
BRDA:304,43,0,0
BRDA:304,43,1,1
BRDA:308,44,0,0
BRDA:308,44,1,1
BRDA:308,45,0,1
BRDA:308,45,1,1
BRDA:322,46,0,0
BRDA:322,46,1,1
BRDA:331,47,0,1
BRDA:331,47,1,0
BRDA:331,48,0,1
BRDA:331,48,1,0
BRDA:339,49,0,0
BRDA:339,49,1,1
BRDA:343,50,0,0
BRDA:343,50,1,1
BRDA:343,51,0,1
BRDA:343,51,1,1
BRDA:355,52,0,0
BRDA:355,52,1,1
BRDA:359,53,0,0
BRDA:359,53,1,1
BRDA:359,54,0,1
BRDA:359,54,1,1
BRDA:371,55,0,0
BRDA:371,55,1,1
BRDA:375,56,0,0
BRDA:375,56,1,1
BRDA:375,57,0,1
BRDA:375,57,1,1
BRDA:388,58,0,2
BRDA:389,59,0,0
BRDA:389,59,1,2
BRDA:389,60,0,2
BRDA:389,60,1,2
BRDA:393,61,0,2
BRDA:393,61,1,0
BRDA:393,62,0,0
BRDA:393,62,1,0
BRDA:399,63,0,0
BRDA:399,63,1,4
BRDA:399,64,0,4
BRDA:399,64,1,4
BRDA:403,65,0,4
BRDA:403,65,1,0
BRDA:403,66,0,0
BRDA:403,66,1,0
BRDA:405,67,0,1
BRDA:405,67,1,3
BRDA:409,68,0,1
BRDA:409,68,1,2
BRDA:413,69,0,1
BRDA:413,69,1,1
BRDA:422,70,0,0
BRDA:423,71,0,0
BRDA:423,71,1,2
BRDA:425,72,0,1
BRDA:425,72,1,1
BRDA:433,73,0,2
BRDA:433,73,1,4
BRDA:439,74,0,0
BRDA:439,74,1,1
BRDA:448,75,0,0
BRDA:448,75,1,2
BRDA:452,76,0,0
BRDA:452,76,1,2
BRDA:454,77,0,1
BRDA:454,77,1,1
BRDA:467,78,0,0
BRDA:467,78,1,2
BRDA:471,79,0,1
BRDA:471,79,1,1
BRDA:475,80,0,1
BRDA:475,80,1,0
BRDA:483,81,0,0
BRDA:483,81,1,1
BRDA:487,82,0,1
BRDA:487,82,1,0
BRDA:497,83,0,1
BRDA:497,83,1,6
BRDA:501,84,0,0
BRDA:501,84,1,6
BRDA:501,85,0,6
BRDA:501,85,1,6
BRDA:507,86,0,6
BRDA:507,86,1,0
BRDA:509,87,0,4
BRDA:509,87,1,2
BRDA:511,88,0,1
BRDA:511,88,1,1
BRDA:525,89,0,2
BRDA:525,89,1,4
BRDA:526,90,0,0
BRDA:526,90,1,4
BRDA:527,91,0,0
BRDA:527,91,1,4
BRDA:528,92,0,0
BRDA:528,92,1,4
BRDA:529,93,0,1
BRDA:529,93,1,3
BRDA:530,94,0,0
BRDA:530,94,1,3
BRDA:531,95,0,1
BRDA:531,95,1,2
BRDA:532,96,0,1
BRDA:532,96,1,1
BRDA:533,97,0,0
BRDA:533,97,1,1
BRDA:534,98,0,0
BRDA:534,98,1,1
BRDA:535,99,0,0
BRDA:535,99,1,1
BRDA:547,100,0,1
BRDA:547,100,1,0
BRDA:565,101,0,1
BRDA:565,101,1,0
BRDA:569,102,0,1
BRDA:569,102,1,0
BRDA:582,103,0,1
BRDA:582,103,1,2
BRDA:586,104,0,2
BRDA:586,104,1,0
BRDA:592,105,0,2
BRDA:592,105,1,0
BRDA:600,106,0,0
BRDA:600,106,1,2
BRDA:605,107,0,0
BRDA:605,107,1,14
BRDA:606,108,0,6
BRDA:606,108,1,8
BRDA:609,109,0,7
BRDA:609,109,1,1
BRDA:609,110,0,8
BRDA:609,110,1,8
BRDA:616,111,0,0
BRDA:616,111,1,1
BRDA:619,112,0,0
BRDA:619,112,1,1
BRDA:619,113,0,1
BRDA:619,113,1,1
BRDA:619,113,2,1
BRDA:625,114,0,0
BRDA:625,114,1,1
BRDA:628,115,0,0
BRDA:628,115,1,1
BRDA:628,116,0,1
BRDA:628,116,1,1
BRDA:628,116,2,1
BRF:230
BRH:155
end_of_record
TN:
SF:src\utils\helpers\titheCalculator.js
FN:11,(anonymous_0)
FN:21,(anonymous_1)
FN:24,(anonymous_2)
FN:34,(anonymous_3)
FN:45,(anonymous_4)
FN:57,(anonymous_5)
FN:58,(anonymous_6)
FN:76,(anonymous_7)
FN:97,(anonymous_8)
FN:108,(anonymous_9)
FN:111,(anonymous_10)
FN:116,(anonymous_11)
FNF:12
FNH:12
FNDA:6,(anonymous_0)
FNDA:3,(anonymous_1)
FNDA:5,(anonymous_2)
FNDA:6,(anonymous_3)
FNDA:4,(anonymous_4)
FNDA:5,(anonymous_5)
FNDA:4,(anonymous_6)
FNDA:2,(anonymous_7)
FNDA:3,(anonymous_8)
FNDA:4,(anonymous_9)
FNDA:2,(anonymous_10)
FNDA:1,(anonymous_11)
DA:11,3
DA:12,6
DA:13,3
DA:21,3
DA:22,3
DA:24,5
DA:25,2
DA:34,3
DA:35,6
DA:36,4
DA:45,3
DA:46,4
DA:47,1
DA:56,3
DA:57,5
DA:58,4
DA:60,3
DA:61,3
DA:63,3
DA:76,3
DA:77,2
DA:78,1
DA:85,1
DA:97,3
DA:98,3
DA:99,1
DA:107,2
DA:108,4
DA:111,2
DA:112,2
DA:113,2
DA:116,2
DA:117,1
DA:118,1
DA:119,1
DA:122,2
DA:124,2
LF:37
LH:37
BRDA:12,0,0,3
BRDA:12,0,1,3
BRDA:12,1,0,6
BRDA:12,1,1,4
BRDA:22,2,0,1
BRDA:22,2,1,2
BRDA:22,3,0,3
BRDA:22,3,1,3
BRDA:24,4,0,5
BRDA:24,4,1,2
BRDA:35,5,0,2
BRDA:35,5,1,4
BRDA:35,6,0,6
BRDA:35,6,1,5
BRDA:35,6,2,5
BRDA:46,7,0,1
BRDA:46,7,1,3
BRDA:46,8,0,4
BRDA:46,8,1,4
BRDA:57,9,0,5
BRDA:57,9,1,2
BRDA:58,10,0,4
BRDA:58,10,1,0
BRDA:61,11,0,3
BRDA:61,11,1,0
BRDA:66,12,0,1
BRDA:66,12,1,2
BRDA:77,13,0,1
BRDA:77,13,1,1
BRDA:77,14,0,2
BRDA:77,14,1,1
BRDA:98,15,0,1
BRDA:98,15,1,2
BRDA:98,16,0,3
BRDA:98,16,1,3
BRDA:108,17,0,4
BRDA:108,17,1,3
BRDA:111,18,0,2
BRDA:111,18,1,0
BRDA:113,19,0,1
BRDA:113,19,1,1
BRDA:117,20,0,1
BRDA:117,20,1,0
BRDA:118,21,0,1
BRDA:118,21,1,0
BRDA:122,22,0,1
BRDA:122,22,1,1
BRF:47
BRH:42
end_of_record
